2026-07-15T20:16:22.555+09:00  INFO 1356 --- [ehms] [main] kcg.edu.ehms.EhmsApplicationKt           : Starting EhmsApplicationKt using Java 17.0.19 with PID 1356 (D:\Web 3.0\ehms\target\classes started by Dell in D:\Web 3.0\ehms)
2026-07-15T20:16:22.588+09:00 DEBUG 1356 --- [ehms] [main] kcg.edu.ehms.EhmsApplicationKt           : Running with Spring Boot v4.1.0, Spring v7.0.8
2026-07-15T20:16:22.598+09:00  INFO 1356 --- [ehms] [main] kcg.edu.ehms.EhmsApplicationKt           : No active profile set, falling back to 1 default profile: "default"
2026-07-15T20:16:27.934+09:00  INFO 1356 --- [ehms] [main] .s.d.r.c.RepositoryConfigurationDelegate : Bootstrapping Spring Data JPA repositories in DEFAULT mode.
2026-07-15T20:16:28.266+09:00  INFO 1356 --- [ehms] [main] .s.d.r.c.RepositoryConfigurationDelegate : Finished Spring Data repository scanning in 294 ms. Found 9 JPA repository interfaces.
2026-07-15T20:16:31.003+09:00  INFO 1356 --- [ehms] [main] o.s.boot.tomcat.TomcatWebServer          : Tomcat initialized with port 8080 (http)
2026-07-15T20:16:31.059+09:00  INFO 1356 --- [ehms] [main] o.apache.catalina.core.StandardService   : Starting service [Tomcat]
2026-07-15T20:16:31.059+09:00  INFO 1356 --- [ehms] [main] o.apache.catalina.core.StandardEngine    : Starting Servlet engine: [Apache Tomcat/11.0.22]
2026-07-15T20:16:31.315+09:00  INFO 1356 --- [ehms] [main] b.w.c.s.WebApplicationContextInitializer : Root WebApplicationContext: initialization completed in 8417 ms
2026-07-15T20:16:31.632+09:00 DEBUG 1356 --- [ehms] [main] k.edu.ehms.logging.RequestLoggingFilter  : Filter 'requestLoggingFilter' configured for use
2026-07-15T20:16:32.290+09:00  INFO 1356 --- [ehms] [main] org.hibernate.orm.jpa                    : HHH008540: Processing PersistenceUnitInfo [name: default]
2026-07-15T20:16:32.612+09:00  INFO 1356 --- [ehms] [main] org.hibernate.orm.core                   : HHH000001: Hibernate ORM core version 7.4.1.Final
2026-07-15T20:16:34.958+09:00  INFO 1356 --- [ehms] [main] o.s.o.j.p.SpringPersistenceUnitInfo      : No LoadTimeWeaver setup: ignoring JPA class transformer
2026-07-15T20:16:35.126+09:00  INFO 1356 --- [ehms] [main] com.zaxxer.hikari.HikariDataSource       : HikariPool-1 - Starting...
2026-07-15T20:16:36.514+09:00  WARN 1356 --- [ehms] [main] org.hibernate.orm.jdbc.error             : HHH000247: ErrorCode: 0, SQLState: 08S01
2026-07-15T20:16:36.515+09:00  WARN 1356 --- [ehms] [main] org.hibernate.orm.jdbc.error             : Communications link failure

The last packet sent successfully to the server was 0 milliseconds ago. The driver has not received any packets from the server.
2026-07-15T20:16:36.517+09:00  WARN 1356 --- [ehms] [main] org.hibernate.orm.jdbc                   : HHH100046: Could not obtain connection to query JDBC database metadata

org.hibernate.exception.JDBCConnectionException: Unable to obtain isolated JDBC connection [Communications link failure

The last packet sent successfully to the server was 0 milliseconds ago. The driver has not received any packets from the server.] [n/a]
	at org.hibernate.exception.internal.SQLStateConversionDelegate.convert(SQLStateConversionDelegate.java:80) ~[hibernate-core-7.4.1.Final.jar:7.4.1.Final]
	at org.hibernate.exception.internal.StandardSQLExceptionConverter.convert(StandardSQLExceptionConverter.java:34) ~[hibernate-core-7.4.1.Final.jar:7.4.1.Final]
	at org.hibernate.engine.jdbc.spi.SqlExceptionHelper.convert(SqlExceptionHelper.java:115) ~[hibernate-core-7.4.1.Final.jar:7.4.1.Final]
	at org.hibernate.engine.jdbc.spi.SqlExceptionHelper.convert(SqlExceptionHelper.java:101) ~[hibernate-core-7.4.1.Final.jar:7.4.1.Final]
	at org.hibernate.resource.transaction.backend.jdbc.internal.JdbcIsolationDelegate.delegateWork(JdbcIsolationDelegate.java:51) ~[hibernate-core-7.4.1.Final.jar:7.4.1.Final]
	at org.hibernate.engine.jdbc.env.internal.JdbcEnvironmentInitiator.getJdbcEnvironmentUsingJdbcMetadata(JdbcEnvironmentInitiator.java:366) ~[hibernate-core-7.4.1.Final.jar:7.4.1.Final]
	at org.hibernate.engine.jdbc.env.internal.JdbcEnvironmentInitiator.getJdbcEnvironment(JdbcEnvironmentInitiator.java:143) ~[hibernate-core-7.4.1.Final.jar:7.4.1.Final]
	at org.hibernate.engine.jdbc.env.internal.JdbcEnvironmentInitiator.initiateService(JdbcEnvironmentInitiator.java:120) ~[hibernate-core-7.4.1.Final.jar:7.4.1.Final]
	at org.hibernate.engine.jdbc.env.internal.JdbcEnvironmentInitiator.initiateService(JdbcEnvironmentInitiator.java:80) ~[hibernate-core-7.4.1.Final.jar:7.4.1.Final]
	at org.hibernate.boot.registry.internal.StandardServiceRegistryImpl.initiateService(StandardServiceRegistryImpl.java:133) ~[hibernate-core-7.4.1.Final.jar:7.4.1.Final]
	at org.hibernate.service.internal.AbstractServiceRegistryImpl.createService(AbstractServiceRegistryImpl.java:260) ~[hibernate-core-7.4.1.Final.jar:7.4.1.Final]
	at org.hibernate.service.internal.AbstractServiceRegistryImpl.initializeService(AbstractServiceRegistryImpl.java:235) ~[hibernate-core-7.4.1.Final.jar:7.4.1.Final]
	at org.hibernate.service.internal.AbstractServiceRegistryImpl.getService(AbstractServiceRegistryImpl.java:212) ~[hibernate-core-7.4.1.Final.jar:7.4.1.Final]
	at org.hibernate.boot.model.relational.Database.<init>(Database.java:44) ~[hibernate-core-7.4.1.Final.jar:7.4.1.Final]
	at org.hibernate.boot.internal.InFlightMetadataCollectorImpl.getDatabase(InFlightMetadataCollectorImpl.java:251) ~[hibernate-core-7.4.1.Final.jar:7.4.1.Final]
	at org.hibernate.boot.internal.InFlightMetadataCollectorImpl.<init>(InFlightMetadataCollectorImpl.java:203) ~[hibernate-core-7.4.1.Final.jar:7.4.1.Final]
	at org.hibernate.boot.model.process.spi.MetadataBuildingProcess.complete(MetadataBuildingProcess.java:180) ~[hibernate-core-7.4.1.Final.jar:7.4.1.Final]
	at org.hibernate.jpa.boot.internal.EntityManagerFactoryBuilderImpl.metadata(EntityManagerFactoryBuilderImpl.java:1388) ~[hibernate-core-7.4.1.Final.jar:7.4.1.Final]
	at org.hibernate.jpa.boot.internal.EntityManagerFactoryBuilderImpl.populateSessionFactoryBuilder(EntityManagerFactoryBuilderImpl.java:1468) ~[hibernate-core-7.4.1.Final.jar:7.4.1.Final]
	at org.hibernate.jpa.boot.internal.EntityManagerFactoryBuilderImpl.build(EntityManagerFactoryBuilderImpl.java:1450) ~[hibernate-core-7.4.1.Final.jar:7.4.1.Final]
	at org.springframework.orm.jpa.vendor.SpringHibernateJpaPersistenceProvider.createContainerEntityManagerFactory(SpringHibernateJpaPersistenceProvider.java:93) ~[spring-orm-7.0.8.jar:7.0.8]
	at org.springframework.orm.jpa.LocalContainerEntityManagerFactoryBean.createNativeEntityManagerFactory(LocalContainerEntityManagerFactoryBean.java:443) ~[spring-orm-7.0.8.jar:7.0.8]
	at org.springframework.orm.jpa.AbstractEntityManagerFactoryBean.buildNativeEntityManagerFactory(AbstractEntityManagerFactoryBean.java:436) ~[spring-orm-7.0.8.jar:7.0.8]
	at org.springframework.orm.jpa.AbstractEntityManagerFactoryBean.afterPropertiesSet(AbstractEntityManagerFactoryBean.java:411) ~[spring-orm-7.0.8.jar:7.0.8]
	at org.springframework.orm.jpa.LocalContainerEntityManagerFactoryBean.afterPropertiesSet(LocalContainerEntityManagerFactoryBean.java:419) ~[spring-orm-7.0.8.jar:7.0.8]
	at org.springframework.beans.factory.support.AbstractAutowireCapableBeanFactory.invokeInitMethods(AbstractAutowireCapableBeanFactory.java:1862) ~[spring-beans-7.0.8.jar:7.0.8]
	at org.springframework.beans.factory.support.AbstractAutowireCapableBeanFactory.initializeBean(AbstractAutowireCapableBeanFactory.java:1811) ~[spring-beans-7.0.8.jar:7.0.8]
	at org.springframework.beans.factory.support.AbstractAutowireCapableBeanFactory.doCreateBean(AbstractAutowireCapableBeanFactory.java:603) ~[spring-beans-7.0.8.jar:7.0.8]
	at org.springframework.beans.factory.support.AbstractAutowireCapableBeanFactory.createBean(AbstractAutowireCapableBeanFactory.java:525) ~[spring-beans-7.0.8.jar:7.0.8]
	at org.springframework.beans.factory.support.AbstractBeanFactory.lambda$doGetBean$0(AbstractBeanFactory.java:333) ~[spring-beans-7.0.8.jar:7.0.8]
	at org.springframework.beans.factory.support.DefaultSingletonBeanRegistry.getSingleton(DefaultSingletonBeanRegistry.java:371) ~[spring-beans-7.0.8.jar:7.0.8]
	at org.springframework.beans.factory.support.AbstractBeanFactory.doGetBean(AbstractBeanFactory.java:331) ~[spring-beans-7.0.8.jar:7.0.8]
	at org.springframework.beans.factory.support.AbstractBeanFactory.getBean(AbstractBeanFactory.java:201) ~[spring-beans-7.0.8.jar:7.0.8]
	at org.springframework.context.support.AbstractApplicationContext.finishBeanFactoryInitialization(AbstractApplicationContext.java:977) ~[spring-context-7.0.8.jar:7.0.8]
	at org.springframework.context.support.AbstractApplicationContext.refresh(AbstractApplicationContext.java:621) ~[spring-context-7.0.8.jar:7.0.8]
	at org.springframework.boot.web.server.servlet.context.ServletWebServerApplicationContext.refresh(ServletWebServerApplicationContext.java:143) ~[spring-boot-web-server-4.1.0.jar:4.1.0]
	at org.springframework.boot.SpringApplication.refresh(SpringApplication.java:756) ~[spring-boot-4.1.0.jar:4.1.0]
	at org.springframework.boot.SpringApplication.refreshContext(SpringApplication.java:445) ~[spring-boot-4.1.0.jar:4.1.0]
	at org.springframework.boot.SpringApplication.run(SpringApplication.java:321) ~[spring-boot-4.1.0.jar:4.1.0]
	at org.springframework.boot.SpringApplication.run(SpringApplication.java:1365) ~[spring-boot-4.1.0.jar:4.1.0]
	at org.springframework.boot.SpringApplication.run(SpringApplication.java:1354) ~[spring-boot-4.1.0.jar:4.1.0]
	at kcg.edu.ehms.EhmsApplicationKt.main(EhmsApplication.kt:21) ~[classes/:na]
Caused by: com.mysql.cj.jdbc.exceptions.CommunicationsException: Communications link failure

The last packet sent successfully to the server was 0 milliseconds ago. The driver has not received any packets from the server.
	at com.mysql.cj.jdbc.exceptions.SQLError.createCommunicationsException(SQLError.java:165) ~[mysql-connector-j-9.7.0.jar:9.7.0]
	at com.mysql.cj.jdbc.exceptions.SQLExceptionsMapping.translateException(SQLExceptionsMapping.java:55) ~[mysql-connector-j-9.7.0.jar:9.7.0]
	at com.mysql.cj.jdbc.ConnectionImpl.createNewIO(ConnectionImpl.java:840) ~[mysql-connector-j-9.7.0.jar:9.7.0]
	at com.mysql.cj.jdbc.ConnectionImpl.<init>(ConnectionImpl.java:416) ~[mysql-connector-j-9.7.0.jar:9.7.0]
	at com.mysql.cj.jdbc.ConnectionImpl.getInstance(ConnectionImpl.java:237) ~[mysql-connector-j-9.7.0.jar:9.7.0]
	at com.mysql.cj.jdbc.NonRegisteringDriver.connect(NonRegisteringDriver.java:180) ~[mysql-connector-j-9.7.0.jar:9.7.0]
	at com.zaxxer.hikari.util.DriverDataSource.getConnection(DriverDataSource.java:144) ~[HikariCP-7.0.2.jar:na]
	at com.zaxxer.hikari.pool.PoolBase.newConnection(PoolBase.java:373) ~[HikariCP-7.0.2.jar:na]
	at com.zaxxer.hikari.pool.PoolBase.newPoolEntry(PoolBase.java:210) ~[HikariCP-7.0.2.jar:na]
	at com.zaxxer.hikari.pool.HikariPool.createPoolEntry(HikariPool.java:488) ~[HikariCP-7.0.2.jar:na]
	at com.zaxxer.hikari.pool.HikariPool.checkFailFast(HikariPool.java:576) ~[HikariCP-7.0.2.jar:na]
	at com.zaxxer.hikari.pool.HikariPool.<init>(HikariPool.java:97) ~[HikariCP-7.0.2.jar:na]
	at com.zaxxer.hikari.HikariDataSource.getConnection(HikariDataSource.java:111) ~[HikariCP-7.0.2.jar:na]
	at org.hibernate.engine.jdbc.connections.internal.DataSourceConnectionProvider.getConnection(DataSourceConnectionProvider.java:149) ~[hibernate-core-7.4.1.Final.jar:7.4.1.Final]
	at org.hibernate.engine.jdbc.env.internal.JdbcEnvironmentInitiator$ConnectionProviderJdbcConnectionAccess.obtainConnection(JdbcEnvironmentInitiator.java:508) ~[hibernate-core-7.4.1.Final.jar:7.4.1.Final]
	at org.hibernate.resource.transaction.backend.jdbc.internal.JdbcIsolationDelegate.delegateWork(JdbcIsolationDelegate.java:48) ~[hibernate-core-7.4.1.Final.jar:7.4.1.Final]
	... 37 common frames omitted
Caused by: com.mysql.cj.exceptions.CJCommunicationsException: Communications link failure

The last packet sent successfully to the server was 0 milliseconds ago. The driver has not received any packets from the server.
	at java.base/jdk.internal.reflect.NativeConstructorAccessorImpl.newInstance0(Native Method) ~[na:na]
	at java.base/jdk.internal.reflect.NativeConstructorAccessorImpl.newInstance(NativeConstructorAccessorImpl.java:77) ~[na:na]
	at java.base/jdk.internal.reflect.DelegatingConstructorAccessorImpl.newInstance(DelegatingConstructorAccessorImpl.java:45) ~[na:na]
	at java.base/java.lang.reflect.Constructor.newInstanceWithCaller(Constructor.java:500) ~[na:na]
	at java.base/java.lang.reflect.Constructor.newInstance(Constructor.java:481) ~[na:na]
	at com.mysql.cj.exceptions.ExceptionFactory.createException(ExceptionFactory.java:52) ~[mysql-connector-j-9.7.0.jar:9.7.0]
	at com.mysql.cj.exceptions.ExceptionFactory.createException(ExceptionFactory.java:95) ~[mysql-connector-j-9.7.0.jar:9.7.0]
	at com.mysql.cj.exceptions.ExceptionFactory.createException(ExceptionFactory.java:140) ~[mysql-connector-j-9.7.0.jar:9.7.0]
	at com.mysql.cj.exceptions.ExceptionFactory.createCommunicationsException(ExceptionFactory.java:156) ~[mysql-connector-j-9.7.0.jar:9.7.0]
	at com.mysql.cj.protocol.a.NativeSocketConnection.connect(NativeSocketConnection.java:79) ~[mysql-connector-j-9.7.0.jar:9.7.0]
	at com.mysql.cj.NativeSession.connect(NativeSession.java:142) ~[mysql-connector-j-9.7.0.jar:9.7.0]
	at com.mysql.cj.jdbc.ConnectionImpl.connectOneTryOnly(ConnectionImpl.java:964) ~[mysql-connector-j-9.7.0.jar:9.7.0]
	at com.mysql.cj.jdbc.ConnectionImpl.createNewIO(ConnectionImpl.java:828) ~[mysql-connector-j-9.7.0.jar:9.7.0]
	... 50 common frames omitted
Caused by: java.net.ConnectException: Connection refused: getsockopt
	at java.base/sun.nio.ch.Net.pollConnect(Native Method) ~[na:na]
	at java.base/sun.nio.ch.Net.pollConnectNow(Net.java:684) ~[na:na]
	at java.base/sun.nio.ch.NioSocketImpl.timedFinishConnect(NioSocketImpl.java:547) ~[na:na]
	at java.base/sun.nio.ch.NioSocketImpl.connect(NioSocketImpl.java:602) ~[na:na]
	at java.base/java.net.SocksSocketImpl.connect(SocksSocketImpl.java:327) ~[na:na]
	at java.base/java.net.Socket.connect(Socket.java:633) ~[na:na]
	at com.mysql.cj.protocol.StandardSocketFactory.connect(StandardSocketFactory.java:144) ~[mysql-connector-j-9.7.0.jar:9.7.0]
	at com.mysql.cj.protocol.a.NativeSocketConnection.connect(NativeSocketConnection.java:53) ~[mysql-connector-j-9.7.0.jar:9.7.0]
	... 53 common frames omitted

2026-07-15T20:16:36.543+09:00 ERROR 1356 --- [ehms] [main] j.LocalContainerEntityManagerFactoryBean : Failed to initialize JPA EntityManagerFactory: Unable to create requested service [org.hibernate.engine.jdbc.env.spi.JdbcEnvironment] due to: Unable to determine Dialect without JDBC metadata (please set 'jakarta.persistence.jdbc.url' for common cases or 'hibernate.dialect' when a custom Dialect implementation must be provided)
2026-07-15T20:16:36.549+09:00  WARN 1356 --- [ehms] [main] ConfigServletWebServerApplicationContext : Exception encountered during context initialization - cancelling refresh attempt: org.springframework.beans.factory.BeanCreationException: Error creating bean with name 'entityManagerFactory' defined in class path resource [org/springframework/boot/hibernate/autoconfigure/HibernateJpaConfiguration.class]: Unable to create requested service [org.hibernate.engine.jdbc.env.spi.JdbcEnvironment] due to: Unable to determine Dialect without JDBC metadata (please set 'jakarta.persistence.jdbc.url' for common cases or 'hibernate.dialect' when a custom Dialect implementation must be provided)
2026-07-15T20:16:36.557+09:00  INFO 1356 --- [ehms] [main] o.apache.catalina.core.StandardService   : Stopping service [Tomcat]
2026-07-15T20:16:36.601+09:00  INFO 1356 --- [ehms] [main] .s.b.a.l.ConditionEvaluationReportLogger : 

Error starting ApplicationContext. To display the condition evaluation report re-run your application with 'debug' enabled.
2026-07-15T20:16:36.658+09:00 ERROR 1356 --- [ehms] [main] o.s.boot.SpringApplication               : Application run failed

org.springframework.beans.factory.BeanCreationException: Error creating bean with name 'entityManagerFactory' defined in class path resource [org/springframework/boot/hibernate/autoconfigure/HibernateJpaConfiguration.class]: Unable to create requested service [org.hibernate.engine.jdbc.env.spi.JdbcEnvironment] due to: Unable to determine Dialect without JDBC metadata (please set 'jakarta.persistence.jdbc.url' for common cases or 'hibernate.dialect' when a custom Dialect implementation must be provided)
	at org.springframework.beans.factory.support.AbstractAutowireCapableBeanFactory.initializeBean(AbstractAutowireCapableBeanFactory.java:1815) ~[spring-beans-7.0.8.jar:7.0.8]
	at org.springframework.beans.factory.support.AbstractAutowireCapableBeanFactory.doCreateBean(AbstractAutowireCapableBeanFactory.java:603) ~[spring-beans-7.0.8.jar:7.0.8]
	at org.springframework.beans.factory.support.AbstractAutowireCapableBeanFactory.createBean(AbstractAutowireCapableBeanFactory.java:525) ~[spring-beans-7.0.8.jar:7.0.8]
	at org.springframework.beans.factory.support.AbstractBeanFactory.lambda$doGetBean$0(AbstractBeanFactory.java:333) ~[spring-beans-7.0.8.jar:7.0.8]
	at org.springframework.beans.factory.support.DefaultSingletonBeanRegistry.getSingleton(DefaultSingletonBeanRegistry.java:371) ~[spring-beans-7.0.8.jar:7.0.8]
	at org.springframework.beans.factory.support.AbstractBeanFactory.doGetBean(AbstractBeanFactory.java:331) ~[spring-beans-7.0.8.jar:7.0.8]
	at org.springframework.beans.factory.support.AbstractBeanFactory.getBean(AbstractBeanFactory.java:201) ~[spring-beans-7.0.8.jar:7.0.8]
	at org.springframework.context.support.AbstractApplicationContext.finishBeanFactoryInitialization(AbstractApplicationContext.java:977) ~[spring-context-7.0.8.jar:7.0.8]
	at org.springframework.context.support.AbstractApplicationContext.refresh(AbstractApplicationContext.java:621) ~[spring-context-7.0.8.jar:7.0.8]
	at org.springframework.boot.web.server.servlet.context.ServletWebServerApplicationContext.refresh(ServletWebServerApplicationContext.java:143) ~[spring-boot-web-server-4.1.0.jar:4.1.0]
	at org.springframework.boot.SpringApplication.refresh(SpringApplication.java:756) ~[spring-boot-4.1.0.jar:4.1.0]
	at org.springframework.boot.SpringApplication.refreshContext(SpringApplication.java:445) ~[spring-boot-4.1.0.jar:4.1.0]
	at org.springframework.boot.SpringApplication.run(SpringApplication.java:321) ~[spring-boot-4.1.0.jar:4.1.0]
	at org.springframework.boot.SpringApplication.run(SpringApplication.java:1365) ~[spring-boot-4.1.0.jar:4.1.0]
	at org.springframework.boot.SpringApplication.run(SpringApplication.java:1354) ~[spring-boot-4.1.0.jar:4.1.0]
	at kcg.edu.ehms.EhmsApplicationKt.main(EhmsApplication.kt:21) ~[classes/:na]
Caused by: org.hibernate.service.spi.ServiceException: Unable to create requested service [org.hibernate.engine.jdbc.env.spi.JdbcEnvironment] due to: Unable to determine Dialect without JDBC metadata (please set 'jakarta.persistence.jdbc.url' for common cases or 'hibernate.dialect' when a custom Dialect implementation must be provided)
	at org.hibernate.service.internal.AbstractServiceRegistryImpl.createService(AbstractServiceRegistryImpl.java:273) ~[hibernate-core-7.4.1.Final.jar:7.4.1.Final]
	at org.hibernate.service.internal.AbstractServiceRegistryImpl.initializeService(AbstractServiceRegistryImpl.java:235) ~[hibernate-core-7.4.1.Final.jar:7.4.1.Final]
	at org.hibernate.service.internal.AbstractServiceRegistryImpl.getService(AbstractServiceRegistryImpl.java:212) ~[hibernate-core-7.4.1.Final.jar:7.4.1.Final]
	at org.hibernate.boot.model.relational.Database.<init>(Database.java:44) ~[hibernate-core-7.4.1.Final.jar:7.4.1.Final]
	at org.hibernate.boot.internal.InFlightMetadataCollectorImpl.getDatabase(InFlightMetadataCollectorImpl.java:251) ~[hibernate-core-7.4.1.Final.jar:7.4.1.Final]
	at org.hibernate.boot.internal.InFlightMetadataCollectorImpl.<init>(InFlightMetadataCollectorImpl.java:203) ~[hibernate-core-7.4.1.Final.jar:7.4.1.Final]
	at org.hibernate.boot.model.process.spi.MetadataBuildingProcess.complete(MetadataBuildingProcess.java:180) ~[hibernate-core-7.4.1.Final.jar:7.4.1.Final]
	at org.hibernate.jpa.boot.internal.EntityManagerFactoryBuilderImpl.metadata(EntityManagerFactoryBuilderImpl.java:1388) ~[hibernate-core-7.4.1.Final.jar:7.4.1.Final]
	at org.hibernate.jpa.boot.internal.EntityManagerFactoryBuilderImpl.populateSessionFactoryBuilder(EntityManagerFactoryBuilderImpl.java:1468) ~[hibernate-core-7.4.1.Final.jar:7.4.1.Final]
	at org.hibernate.jpa.boot.internal.EntityManagerFactoryBuilderImpl.build(EntityManagerFactoryBuilderImpl.java:1450) ~[hibernate-core-7.4.1.Final.jar:7.4.1.Final]
	at org.springframework.orm.jpa.vendor.SpringHibernateJpaPersistenceProvider.createContainerEntityManagerFactory(SpringHibernateJpaPersistenceProvider.java:93) ~[spring-orm-7.0.8.jar:7.0.8]
	at org.springframework.orm.jpa.LocalContainerEntityManagerFactoryBean.createNativeEntityManagerFactory(LocalContainerEntityManagerFactoryBean.java:443) ~[spring-orm-7.0.8.jar:7.0.8]
	at org.springframework.orm.jpa.AbstractEntityManagerFactoryBean.buildNativeEntityManagerFactory(AbstractEntityManagerFactoryBean.java:436) ~[spring-orm-7.0.8.jar:7.0.8]
	at org.springframework.orm.jpa.AbstractEntityManagerFactoryBean.afterPropertiesSet(AbstractEntityManagerFactoryBean.java:411) ~[spring-orm-7.0.8.jar:7.0.8]
	at org.springframework.orm.jpa.LocalContainerEntityManagerFactoryBean.afterPropertiesSet(LocalContainerEntityManagerFactoryBean.java:419) ~[spring-orm-7.0.8.jar:7.0.8]
	at org.springframework.beans.factory.support.AbstractAutowireCapableBeanFactory.invokeInitMethods(AbstractAutowireCapableBeanFactory.java:1862) ~[spring-beans-7.0.8.jar:7.0.8]
	at org.springframework.beans.factory.support.AbstractAutowireCapableBeanFactory.initializeBean(AbstractAutowireCapableBeanFactory.java:1811) ~[spring-beans-7.0.8.jar:7.0.8]
	... 15 common frames omitted
Caused by: org.hibernate.HibernateException: Unable to determine Dialect without JDBC metadata (please set 'jakarta.persistence.jdbc.url' for common cases or 'hibernate.dialect' when a custom Dialect implementation must be provided)
	at org.hibernate.engine.jdbc.dialect.internal.DialectFactoryImpl.determineDialect(DialectFactoryImpl.java:190) ~[hibernate-core-7.4.1.Final.jar:7.4.1.Final]
	at org.hibernate.engine.jdbc.dialect.internal.DialectFactoryImpl.buildDialect(DialectFactoryImpl.java:86) ~[hibernate-core-7.4.1.Final.jar:7.4.1.Final]
	at org.hibernate.engine.jdbc.env.internal.JdbcEnvironmentInitiator.getJdbcEnvironmentWithDefaults(JdbcEnvironmentInitiator.java:200) ~[hibernate-core-7.4.1.Final.jar:7.4.1.Final]
	at org.hibernate.engine.jdbc.env.internal.JdbcEnvironmentInitiator.getJdbcEnvironmentUsingJdbcMetadata(JdbcEnvironmentInitiator.java:452) ~[hibernate-core-7.4.1.Final.jar:7.4.1.Final]
	at org.hibernate.engine.jdbc.env.internal.JdbcEnvironmentInitiator.getJdbcEnvironment(JdbcEnvironmentInitiator.java:143) ~[hibernate-core-7.4.1.Final.jar:7.4.1.Final]
	at org.hibernate.engine.jdbc.env.internal.JdbcEnvironmentInitiator.initiateService(JdbcEnvironmentInitiator.java:120) ~[hibernate-core-7.4.1.Final.jar:7.4.1.Final]
	at org.hibernate.engine.jdbc.env.internal.JdbcEnvironmentInitiator.initiateService(JdbcEnvironmentInitiator.java:80) ~[hibernate-core-7.4.1.Final.jar:7.4.1.Final]
	at org.hibernate.boot.registry.internal.StandardServiceRegistryImpl.initiateService(StandardServiceRegistryImpl.java:133) ~[hibernate-core-7.4.1.Final.jar:7.4.1.Final]
	at org.hibernate.service.internal.AbstractServiceRegistryImpl.createService(AbstractServiceRegistryImpl.java:260) ~[hibernate-core-7.4.1.Final.jar:7.4.1.Final]
	... 31 common frames omitted

2026-07-15T20:18:00.796+09:00  INFO 22692 --- [ehms] [main] kcg.edu.ehms.EhmsApplicationKt           : Starting EhmsApplicationKt using Java 17.0.19 with PID 22692 (D:\Web 3.0\ehms\target\classes started by Dell in D:\Web 3.0\ehms)
2026-07-15T20:18:00.803+09:00 DEBUG 22692 --- [ehms] [main] kcg.edu.ehms.EhmsApplicationKt           : Running with Spring Boot v4.1.0, Spring v7.0.8
2026-07-15T20:18:00.805+09:00  INFO 22692 --- [ehms] [main] kcg.edu.ehms.EhmsApplicationKt           : No active profile set, falling back to 1 default profile: "default"
2026-07-15T20:18:04.637+09:00  INFO 22692 --- [ehms] [main] .s.d.r.c.RepositoryConfigurationDelegate : Bootstrapping Spring Data JPA repositories in DEFAULT mode.
2026-07-15T20:18:04.976+09:00  INFO 22692 --- [ehms] [main] .s.d.r.c.RepositoryConfigurationDelegate : Finished Spring Data repository scanning in 299 ms. Found 9 JPA repository interfaces.
2026-07-15T20:18:07.384+09:00  INFO 22692 --- [ehms] [main] o.s.boot.tomcat.TomcatWebServer          : Tomcat initialized with port 8080 (http)
2026-07-15T20:18:07.441+09:00  INFO 22692 --- [ehms] [main] o.apache.catalina.core.StandardService   : Starting service [Tomcat]
2026-07-15T20:18:07.443+09:00  INFO 22692 --- [ehms] [main] o.apache.catalina.core.StandardEngine    : Starting Servlet engine: [Apache Tomcat/11.0.22]
2026-07-15T20:18:07.654+09:00  INFO 22692 --- [ehms] [main] b.w.c.s.WebApplicationContextInitializer : Root WebApplicationContext: initialization completed in 6746 ms
2026-07-15T20:18:07.943+09:00 DEBUG 22692 --- [ehms] [main] k.edu.ehms.logging.RequestLoggingFilter  : Filter 'requestLoggingFilter' configured for use
2026-07-15T20:18:08.519+09:00  INFO 22692 --- [ehms] [main] org.hibernate.orm.jpa                    : HHH008540: Processing PersistenceUnitInfo [name: default]
2026-07-15T20:18:08.736+09:00  INFO 22692 --- [ehms] [main] org.hibernate.orm.core                   : HHH000001: Hibernate ORM core version 7.4.1.Final
2026-07-15T20:18:10.651+09:00  INFO 22692 --- [ehms] [main] o.s.o.j.p.SpringPersistenceUnitInfo      : No LoadTimeWeaver setup: ignoring JPA class transformer
2026-07-15T20:18:10.784+09:00  INFO 22692 --- [ehms] [main] com.zaxxer.hikari.HikariDataSource       : HikariPool-1 - Starting...
2026-07-15T20:18:11.526+09:00  INFO 22692 --- [ehms] [main] com.zaxxer.hikari.pool.HikariPool        : HikariPool-1 - Added connection com.mysql.cj.jdbc.ConnectionImpl@3f62d56
2026-07-15T20:18:11.535+09:00  INFO 22692 --- [ehms] [main] com.zaxxer.hikari.HikariDataSource       : HikariPool-1 - Start completed.
2026-07-15T20:18:11.790+09:00  WARN 22692 --- [ehms] [main] org.hibernate.orm.core                   : HHH000511: The 5.5.5 version for [org.hibernate.dialect.MySQLDialect] is no longer supported, hence certain features may not work properly.The minimum supported version is 8.0.0. Check the community dialects project for available legacy versions.
2026-07-15T20:18:11.886+09:00  INFO 22692 --- [ehms] [main] org.hibernate.orm.connections.pooling    : HHH10001005: Database info:
	Database JDBC URL [jdbc:mysql://localhost:3306/hms_db?useSSL=false&allowPublicKeyRetrieval=true&serverTimezone=Asia/Tokyo]
	Database driver: MySQL Connector/J
	Database dialect: MySQLDialect
	Database version: 5.5.5
	Default catalog/schema: hms_db/undefined
	Autocommit mode: undefined/unknown
	Isolation level: REPEATABLE_READ [default REPEATABLE_READ]
	JDBC fetch size: none
	Pool: DataSourceConnectionProvider
	Minimum pool size: undefined/unknown
	Maximum pool size: undefined/unknown
2026-07-15T20:18:16.464+09:00  INFO 22692 --- [ehms] [main] org.hibernate.orm.core                   : HHH000489: No JTA platform available (set 'hibernate.transaction.jta.platform' to enable JTA platform integration)
2026-07-15T20:18:17.809+09:00  INFO 22692 --- [ehms] [main] j.LocalContainerEntityManagerFactoryBean : Initialized JPA EntityManagerFactory for persistence unit 'default'
2026-07-15T20:18:18.265+09:00  INFO 22692 --- [ehms] [main] o.s.d.j.r.query.QueryEnhancerFactories   : Hibernate is in classpath; If applicable, HQL parser will be used.
2026-07-15T20:18:23.819+09:00  INFO 22692 --- [ehms] [main] r$InitializeUserDetailsManagerConfigurer : Global AuthenticationManager configured with UserDetailsService bean with name customUserDetailsService
2026-07-15T20:18:28.242+09:00  INFO 22692 --- [ehms] [main] o.s.boot.tomcat.TomcatWebServer          : Tomcat started on port 8080 (http) with context path '/'
2026-07-15T20:18:28.267+09:00  INFO 22692 --- [ehms] [main] kcg.edu.ehms.EhmsApplicationKt           : Started EhmsApplicationKt in 28.391 seconds (process running for 29.253)
2026-07-15T20:18:30.922+09:00  INFO 22692 --- [ehms] [http-nio-8080-exec-3] o.a.c.c.C.[Tomcat].[localhost].[/]       : Initializing Spring DispatcherServlet 'dispatcherServlet'
2026-07-15T20:18:30.922+09:00  INFO 22692 --- [ehms] [http-nio-8080-exec-3] o.s.web.servlet.DispatcherServlet        : Initializing Servlet 'dispatcherServlet'
2026-07-15T20:18:30.926+09:00  INFO 22692 --- [ehms] [http-nio-8080-exec-3] o.s.web.servlet.DispatcherServlet        : Completed initialization in 2 ms
2026-07-15T20:18:31.060+09:00  INFO 22692 --- [ehms] [http-nio-8080-exec-5] k.edu.ehms.logging.RequestLoggingFilter  : HTTP OPTIONS /api/dashboard/summary -> 200 (127 ms) from 0:0:0:0:0:0:0:1
2026-07-15T20:18:31.060+09:00  INFO 22692 --- [ehms] [http-nio-8080-exec-3] k.edu.ehms.logging.RequestLoggingFilter  : HTTP OPTIONS /api/dashboard/summary -> 200 (127 ms) from 0:0:0:0:0:0:0:1
2026-07-15T20:18:31.060+09:00  INFO 22692 --- [ehms] [http-nio-8080-exec-2] k.edu.ehms.logging.RequestLoggingFilter  : HTTP OPTIONS /api/dashboard/earnings -> 200 (127 ms) from 0:0:0:0:0:0:0:1
2026-07-15T20:18:31.060+09:00  INFO 22692 --- [ehms] [http-nio-8080-exec-1] k.edu.ehms.logging.RequestLoggingFilter  : HTTP OPTIONS /api/dashboard/earnings -> 200 (127 ms) from 0:0:0:0:0:0:0:1
2026-07-15T20:18:31.616+09:00  INFO 22692 --- [ehms] [http-nio-8080-exec-8] k.edu.ehms.logging.RequestLoggingFilter  : HTTP GET /api/dashboard/summary -> 401 (535 ms) from 0:0:0:0:0:0:0:1
2026-07-15T20:18:31.617+09:00  INFO 22692 --- [ehms] [http-nio-8080-exec-4] k.edu.ehms.logging.RequestLoggingFilter  : HTTP GET /api/dashboard/earnings -> 401 (536 ms) from 0:0:0:0:0:0:0:1
2026-07-15T20:18:31.617+09:00  INFO 22692 --- [ehms] [http-nio-8080-exec-6] k.edu.ehms.logging.RequestLoggingFilter  : HTTP GET /api/dashboard/earnings -> 401 (536 ms) from 0:0:0:0:0:0:0:1
2026-07-15T20:18:31.618+09:00  INFO 22692 --- [ehms] [http-nio-8080-exec-7] k.edu.ehms.logging.RequestLoggingFilter  : HTTP GET /api/dashboard/summary -> 401 (537 ms) from 0:0:0:0:0:0:0:1
2026-07-15T20:18:39.587+09:00  INFO 22692 --- [ehms] [http-nio-8080-exec-9] k.edu.ehms.logging.RequestLoggingFilter  : HTTP OPTIONS /api/auth/login -> 200 (2 ms) from 0:0:0:0:0:0:0:1
2026-07-15T20:18:41.732+09:00 DEBUG 22692 --- [ehms] [http-nio-8080-exec-10] k.e.e.security.CustomUserDetailsService  : Loaded user admin with authorities [ROLE_ADMIN, ROLE_USER]
2026-07-15T20:18:43.203+09:00  INFO 22692 --- [ehms] [http-nio-8080-exec-10] kcg.edu.ehms.service.AuthService         : Successful login for user admin
2026-07-15T20:18:43.286+09:00  INFO 22692 --- [ehms] [http-nio-8080-exec-10] k.edu.ehms.logging.RequestLoggingFilter  : HTTP POST /api/auth/login -> 200 (3693 ms) from 0:0:0:0:0:0:0:1
2026-07-15T20:18:43.618+09:00  INFO 22692 --- [ehms] [http-nio-8080-exec-1] k.edu.ehms.logging.RequestLoggingFilter  : HTTP OPTIONS /api/dashboard/earnings -> 200 (0 ms) from 0:0:0:0:0:0:0:1
2026-07-15T20:18:43.618+09:00  INFO 22692 --- [ehms] [http-nio-8080-exec-3] k.edu.ehms.logging.RequestLoggingFilter  : HTTP OPTIONS /api/dashboard/earnings -> 200 (0 ms) from 0:0:0:0:0:0:0:1
2026-07-15T20:18:43.618+09:00  INFO 22692 --- [ehms] [http-nio-8080-exec-2] k.edu.ehms.logging.RequestLoggingFilter  : HTTP OPTIONS /api/dashboard/summary -> 200 (0 ms) from 0:0:0:0:0:0:0:1
2026-07-15T20:18:43.640+09:00  INFO 22692 --- [ehms] [http-nio-8080-exec-5] k.edu.ehms.logging.RequestLoggingFilter  : HTTP OPTIONS /api/dashboard/summary -> 200 (25 ms) from 0:0:0:0:0:0:0:1
2026-07-15T20:18:43.929+09:00  INFO 22692 --- [ehms] [http-nio-8080-exec-7] k.edu.ehms.logging.RequestLoggingFilter  : HTTP GET /api/dashboard/summary -> 200 (276 ms) from 0:0:0:0:0:0:0:1
2026-07-15T20:18:43.951+09:00  INFO 22692 --- [ehms] [http-nio-8080-exec-4] k.edu.ehms.logging.RequestLoggingFilter  : HTTP GET /api/dashboard/summary -> 200 (318 ms) from 0:0:0:0:0:0:0:1
2026-07-15T20:18:44.861+09:00  INFO 22692 --- [ehms] [http-nio-8080-exec-6] k.edu.ehms.logging.RequestLoggingFilter  : HTTP GET /api/dashboard/earnings -> 200 (1217 ms) from 0:0:0:0:0:0:0:1
2026-07-15T20:18:44.861+09:00  INFO 22692 --- [ehms] [http-nio-8080-exec-8] k.edu.ehms.logging.RequestLoggingFilter  : HTTP GET /api/dashboard/earnings -> 200 (1230 ms) from 0:0:0:0:0:0:0:1
2026-07-15T20:26:30.886+09:00  INFO 22692 --- [ehms] [http-nio-8080-exec-1] k.edu.ehms.logging.RequestLoggingFilter  : HTTP OPTIONS /api/patients/with-billing -> 200 (2 ms) from 0:0:0:0:0:0:0:1
2026-07-15T20:26:31.217+09:00  INFO 22692 --- [ehms] [http-nio-8080-exec-5] kcg.edu.ehms.service.PatientService      : Patient 16 created by admin
2026-07-15T20:26:31.264+09:00  INFO 22692 --- [ehms] [http-nio-8080-exec-5] kcg.edu.ehms.service.PatientService      : Created registration bill 8 for patient 16 with amount 50.00
2026-07-15T20:26:31.484+09:00  INFO 22692 --- [ehms] [http-nio-8080-exec-5] k.edu.ehms.logging.RequestLoggingFilter  : HTTP POST /api/patients/with-billing -> 201 (592 ms) from 0:0:0:0:0:0:0:1
2026-07-15T20:26:31.832+09:00  INFO 22692 --- [ehms] [http-nio-8080-exec-7] k.edu.ehms.logging.RequestLoggingFilter  : HTTP OPTIONS /api/patients -> 200 (2 ms) from 0:0:0:0:0:0:0:1
2026-07-15T20:26:31.839+09:00  INFO 22692 --- [ehms] [http-nio-8080-exec-4] k.edu.ehms.logging.RequestLoggingFilter  : HTTP OPTIONS /api/patients -> 200 (7 ms) from 0:0:0:0:0:0:0:1
2026-07-15T20:26:32.062+09:00  INFO 22692 --- [ehms] [http-nio-8080-exec-8] k.edu.ehms.logging.RequestLoggingFilter  : HTTP GET /api/patients -> 200 (216 ms) from 0:0:0:0:0:0:0:1
2026-07-15T20:26:32.064+09:00  INFO 22692 --- [ehms] [http-nio-8080-exec-6] k.edu.ehms.logging.RequestLoggingFilter  : HTTP GET /api/patients -> 200 (229 ms) from 0:0:0:0:0:0:0:1
2026-07-15T20:26:46.974+09:00  INFO 22692 --- [ehms] [http-nio-8080-exec-10] k.edu.ehms.logging.RequestLoggingFilter  : HTTP OPTIONS /api/patients -> 200 (5 ms) from 0:0:0:0:0:0:0:1
2026-07-15T20:26:46.974+09:00  INFO 22692 --- [ehms] [http-nio-8080-exec-9] k.edu.ehms.logging.RequestLoggingFilter  : HTTP OPTIONS /api/patients -> 200 (3 ms) from 0:0:0:0:0:0:0:1
2026-07-15T20:26:47.078+09:00  INFO 22692 --- [ehms] [http-nio-8080-exec-3] k.edu.ehms.logging.RequestLoggingFilter  : HTTP GET /api/patients -> 200 (87 ms) from 0:0:0:0:0:0:0:1
2026-07-15T20:26:47.079+09:00  INFO 22692 --- [ehms] [http-nio-8080-exec-2] k.edu.ehms.logging.RequestLoggingFilter  : HTTP GET /api/patients -> 200 (87 ms) from 0:0:0:0:0:0:0:1
2026-07-15T20:28:07.206+09:00  INFO 22692 --- [ehms] [SpringApplicationShutdownHook] o.s.boot.tomcat.GracefulShutdown         : Commencing graceful shutdown. Waiting for active requests to complete
2026-07-15T20:28:07.691+09:00  INFO 22692 --- [ehms] [tomcat-shutdown] o.s.boot.tomcat.GracefulShutdown         : Graceful shutdown complete
2026-07-15T20:28:07.700+09:00  INFO 22692 --- [ehms] [SpringApplicationShutdownHook] j.LocalContainerEntityManagerFactoryBean : Closing JPA EntityManagerFactory for persistence unit 'default'
2026-07-15T20:28:07.703+09:00  INFO 22692 --- [ehms] [SpringApplicationShutdownHook] com.zaxxer.hikari.HikariDataSource       : HikariPool-1 - Shutdown initiated...
2026-07-15T20:28:07.716+09:00  INFO 22692 --- [ehms] [SpringApplicationShutdownHook] com.zaxxer.hikari.HikariDataSource       : HikariPool-1 - Shutdown completed.
2026-07-15T20:28:33.994+09:00  INFO 11684 --- [ehms] [main] kcg.edu.ehms.EhmsApplicationKt           : Starting EhmsApplicationKt using Java 17.0.19 with PID 11684 (D:\Web 3.0\ehms\target\classes started by Dell in D:\Web 3.0\ehms)
2026-07-15T20:28:34.000+09:00 DEBUG 11684 --- [ehms] [main] kcg.edu.ehms.EhmsApplicationKt           : Running with Spring Boot v4.1.0, Spring v7.0.8
2026-07-15T20:28:34.002+09:00  INFO 11684 --- [ehms] [main] kcg.edu.ehms.EhmsApplicationKt           : No active profile set, falling back to 1 default profile: "default"
2026-07-15T20:28:37.734+09:00  INFO 11684 --- [ehms] [main] .s.d.r.c.RepositoryConfigurationDelegate : Bootstrapping Spring Data JPA repositories in DEFAULT mode.
2026-07-15T20:28:38.037+09:00  INFO 11684 --- [ehms] [main] .s.d.r.c.RepositoryConfigurationDelegate : Finished Spring Data repository scanning in 269 ms. Found 9 JPA repository interfaces.
2026-07-15T20:28:41.106+09:00  INFO 11684 --- [ehms] [main] o.s.boot.tomcat.TomcatWebServer          : Tomcat initialized with port 8080 (http)
2026-07-15T20:28:41.129+09:00  INFO 11684 --- [ehms] [main] o.apache.catalina.core.StandardService   : Starting service [Tomcat]
2026-07-15T20:28:41.130+09:00  INFO 11684 --- [ehms] [main] o.apache.catalina.core.StandardEngine    : Starting Servlet engine: [Apache Tomcat/11.0.22]
2026-07-15T20:28:41.286+09:00  INFO 11684 --- [ehms] [main] b.w.c.s.WebApplicationContextInitializer : Root WebApplicationContext: initialization completed in 7080 ms
2026-07-15T20:28:41.476+09:00 DEBUG 11684 --- [ehms] [main] k.edu.ehms.logging.RequestLoggingFilter  : Filter 'requestLoggingFilter' configured for use
2026-07-15T20:28:41.904+09:00  INFO 11684 --- [ehms] [main] org.hibernate.orm.jpa                    : HHH008540: Processing PersistenceUnitInfo [name: default]
2026-07-15T20:28:42.017+09:00  INFO 11684 --- [ehms] [main] org.hibernate.orm.core                   : HHH000001: Hibernate ORM core version 7.4.1.Final
2026-07-15T20:28:42.771+09:00  INFO 11684 --- [ehms] [main] o.s.o.j.p.SpringPersistenceUnitInfo      : No LoadTimeWeaver setup: ignoring JPA class transformer
2026-07-15T20:28:42.827+09:00  INFO 11684 --- [ehms] [main] com.zaxxer.hikari.HikariDataSource       : HikariPool-1 - Starting...
2026-07-15T20:28:43.087+09:00  INFO 11684 --- [ehms] [main] com.zaxxer.hikari.pool.HikariPool        : HikariPool-1 - Added connection com.mysql.cj.jdbc.ConnectionImpl@79e9c14
2026-07-15T20:28:43.089+09:00  INFO 11684 --- [ehms] [main] com.zaxxer.hikari.HikariDataSource       : HikariPool-1 - Start completed.
2026-07-15T20:28:43.228+09:00  WARN 11684 --- [ehms] [main] org.hibernate.orm.core                   : HHH000511: The 5.5.5 version for [org.hibernate.dialect.MySQLDialect] is no longer supported, hence certain features may not work properly.The minimum supported version is 8.0.0. Check the community dialects project for available legacy versions.
2026-07-15T20:28:43.284+09:00  INFO 11684 --- [ehms] [main] org.hibernate.orm.connections.pooling    : HHH10001005: Database info:
	Database JDBC URL [jdbc:mysql://localhost:3306/hms_db?useSSL=false&allowPublicKeyRetrieval=true&serverTimezone=Asia/Tokyo]
	Database driver: MySQL Connector/J
	Database dialect: MySQLDialect
	Database version: 5.5.5
	Default catalog/schema: hms_db/undefined
	Autocommit mode: undefined/unknown
	Isolation level: REPEATABLE_READ [default REPEATABLE_READ]
	JDBC fetch size: none
	Pool: DataSourceConnectionProvider
	Minimum pool size: undefined/unknown
	Maximum pool size: undefined/unknown
2026-07-15T20:28:45.142+09:00  INFO 11684 --- [ehms] [main] org.hibernate.orm.core                   : HHH000489: No JTA platform available (set 'hibernate.transaction.jta.platform' to enable JTA platform integration)
2026-07-15T20:28:46.036+09:00  INFO 11684 --- [ehms] [main] j.LocalContainerEntityManagerFactoryBean : Initialized JPA EntityManagerFactory for persistence unit 'default'
2026-07-15T20:28:46.449+09:00  INFO 11684 --- [ehms] [main] o.s.d.j.r.query.QueryEnhancerFactories   : Hibernate is in classpath; If applicable, HQL parser will be used.
2026-07-15T20:28:52.206+09:00  INFO 11684 --- [ehms] [main] r$InitializeUserDetailsManagerConfigurer : Global AuthenticationManager configured with UserDetailsService bean with name customUserDetailsService
2026-07-15T20:28:54.650+09:00  INFO 11684 --- [ehms] [main] o.s.boot.tomcat.TomcatWebServer          : Tomcat started on port 8080 (http) with context path '/'
2026-07-15T20:28:54.659+09:00  INFO 11684 --- [ehms] [main] kcg.edu.ehms.EhmsApplicationKt           : Started EhmsApplicationKt in 21.643 seconds (process running for 22.421)
2026-07-15T20:28:59.266+09:00  INFO 11684 --- [ehms] [http-nio-8080-exec-3] o.a.c.c.C.[Tomcat].[localhost].[/]       : Initializing Spring DispatcherServlet 'dispatcherServlet'
2026-07-15T20:28:59.266+09:00  INFO 11684 --- [ehms] [http-nio-8080-exec-3] o.s.web.servlet.DispatcherServlet        : Initializing Servlet 'dispatcherServlet'
2026-07-15T20:28:59.273+09:00  INFO 11684 --- [ehms] [http-nio-8080-exec-3] o.s.web.servlet.DispatcherServlet        : Completed initialization in 7 ms
2026-07-15T20:28:59.406+09:00  INFO 11684 --- [ehms] [http-nio-8080-exec-4] k.edu.ehms.logging.RequestLoggingFilter  : HTTP OPTIONS /api/dashboard/summary -> 200 (119 ms) from 0:0:0:0:0:0:0:1
2026-07-15T20:28:59.408+09:00  INFO 11684 --- [ehms] [http-nio-8080-exec-2] k.edu.ehms.logging.RequestLoggingFilter  : HTTP OPTIONS /api/dashboard/earnings -> 200 (119 ms) from 0:0:0:0:0:0:0:1
2026-07-15T20:28:59.408+09:00  INFO 11684 --- [ehms] [http-nio-8080-exec-3] k.edu.ehms.logging.RequestLoggingFilter  : HTTP OPTIONS /api/dashboard/summary -> 200 (119 ms) from 0:0:0:0:0:0:0:1
2026-07-15T20:28:59.406+09:00  INFO 11684 --- [ehms] [http-nio-8080-exec-1] k.edu.ehms.logging.RequestLoggingFilter  : HTTP OPTIONS /api/dashboard/earnings -> 200 (119 ms) from 0:0:0:0:0:0:0:1
2026-07-15T20:29:00.288+09:00  INFO 11684 --- [ehms] [http-nio-8080-exec-5] k.edu.ehms.logging.RequestLoggingFilter  : HTTP GET /api/dashboard/summary -> 200 (861 ms) from 0:0:0:0:0:0:0:1
2026-07-15T20:29:00.288+09:00  INFO 11684 --- [ehms] [http-nio-8080-exec-10] k.edu.ehms.logging.RequestLoggingFilter  : HTTP GET /api/dashboard/summary -> 200 (861 ms) from 0:0:0:0:0:0:0:1
2026-07-15T20:29:00.911+09:00  INFO 11684 --- [ehms] [http-nio-8080-exec-8] k.edu.ehms.logging.RequestLoggingFilter  : HTTP GET /api/dashboard/earnings -> 200 (1484 ms) from 0:0:0:0:0:0:0:1
2026-07-15T20:29:00.916+09:00  INFO 11684 --- [ehms] [http-nio-8080-exec-6] k.edu.ehms.logging.RequestLoggingFilter  : HTTP GET /api/dashboard/earnings -> 200 (1485 ms) from 0:0:0:0:0:0:0:1
2026-07-15T20:32:08.811+09:00  INFO 11684 --- [ehms] [http-nio-8080-exec-2] k.edu.ehms.logging.RequestLoggingFilter  : HTTP OPTIONS /api/patients -> 200 (8 ms) from 0:0:0:0:0:0:0:1
2026-07-15T20:32:08.818+09:00  INFO 11684 --- [ehms] [http-nio-8080-exec-4] k.edu.ehms.logging.RequestLoggingFilter  : HTTP OPTIONS /api/patients -> 200 (15 ms) from 0:0:0:0:0:0:0:1
2026-07-15T20:32:09.299+09:00  INFO 11684 --- [ehms] [http-nio-8080-exec-10] k.edu.ehms.logging.RequestLoggingFilter  : HTTP GET /api/patients -> 200 (482 ms) from 0:0:0:0:0:0:0:1
2026-07-15T20:32:09.303+09:00  INFO 11684 --- [ehms] [http-nio-8080-exec-5] k.edu.ehms.logging.RequestLoggingFilter  : HTTP GET /api/patients -> 200 (470 ms) from 0:0:0:0:0:0:0:1
2026-07-15T20:32:48.934+09:00  INFO 11684 --- [ehms] [http-nio-8080-exec-8] k.edu.ehms.logging.RequestLoggingFilter  : HTTP OPTIONS /api/dashboard/summary -> 200 (2 ms) from 0:0:0:0:0:0:0:1
2026-07-15T20:32:48.936+09:00  INFO 11684 --- [ehms] [http-nio-8080-exec-6] k.edu.ehms.logging.RequestLoggingFilter  : HTTP OPTIONS /api/dashboard/earnings -> 200 (0 ms) from 0:0:0:0:0:0:0:1
2026-07-15T20:32:48.944+09:00  INFO 11684 --- [ehms] [http-nio-8080-exec-9] k.edu.ehms.logging.RequestLoggingFilter  : HTTP OPTIONS /api/dashboard/summary -> 200 (5 ms) from 0:0:0:0:0:0:0:1
2026-07-15T20:32:48.955+09:00  INFO 11684 --- [ehms] [http-nio-8080-exec-7] k.edu.ehms.logging.RequestLoggingFilter  : HTTP OPTIONS /api/dashboard/earnings -> 200 (4 ms) from 0:0:0:0:0:0:0:1
2026-07-15T20:32:48.989+09:00  INFO 11684 --- [ehms] [http-nio-8080-exec-1] k.edu.ehms.logging.RequestLoggingFilter  : HTTP GET /api/dashboard/summary -> 200 (38 ms) from 0:0:0:0:0:0:0:1
2026-07-15T20:32:48.989+09:00  INFO 11684 --- [ehms] [http-nio-8080-exec-3] k.edu.ehms.logging.RequestLoggingFilter  : HTTP GET /api/dashboard/summary -> 200 (36 ms) from 0:0:0:0:0:0:0:1
2026-07-15T20:32:49.039+09:00  INFO 11684 --- [ehms] [http-nio-8080-exec-4] k.edu.ehms.logging.RequestLoggingFilter  : HTTP GET /api/dashboard/earnings -> 200 (80 ms) from 0:0:0:0:0:0:0:1
2026-07-15T20:32:49.039+09:00  INFO 11684 --- [ehms] [http-nio-8080-exec-2] k.edu.ehms.logging.RequestLoggingFilter  : HTTP GET /api/dashboard/earnings -> 200 (86 ms) from 0:0:0:0:0:0:0:1
2026-07-15T20:43:32.868+09:00  INFO 11684 --- [ehms] [SpringApplicationShutdownHook] o.s.boot.tomcat.GracefulShutdown         : Commencing graceful shutdown. Waiting for active requests to complete
2026-07-15T20:43:33.325+09:00  INFO 11684 --- [ehms] [tomcat-shutdown] o.s.boot.tomcat.GracefulShutdown         : Graceful shutdown complete
2026-07-15T20:43:33.335+09:00  INFO 11684 --- [ehms] [SpringApplicationShutdownHook] j.LocalContainerEntityManagerFactoryBean : Closing JPA EntityManagerFactory for persistence unit 'default'
2026-07-15T20:43:33.339+09:00  INFO 11684 --- [ehms] [SpringApplicationShutdownHook] com.zaxxer.hikari.HikariDataSource       : HikariPool-1 - Shutdown initiated...
2026-07-15T20:43:33.355+09:00  INFO 11684 --- [ehms] [SpringApplicationShutdownHook] com.zaxxer.hikari.HikariDataSource       : HikariPool-1 - Shutdown completed.
2026-07-15T20:48:43.607+09:00  INFO 10664 --- [ehms] [main] kcg.edu.ehms.EhmsApplicationKt           : Starting EhmsApplicationKt using Java 17.0.19 with PID 10664 (D:\Web 3.0\ehms\target\classes started by Dell in D:\Web 3.0\ehms)
2026-07-15T20:48:43.612+09:00 DEBUG 10664 --- [ehms] [main] kcg.edu.ehms.EhmsApplicationKt           : Running with Spring Boot v4.1.0, Spring v7.0.8
2026-07-15T20:48:43.613+09:00  INFO 10664 --- [ehms] [main] kcg.edu.ehms.EhmsApplicationKt           : No active profile set, falling back to 1 default profile: "default"
2026-07-15T20:48:45.321+09:00  INFO 10664 --- [ehms] [main] .s.d.r.c.RepositoryConfigurationDelegate : Bootstrapping Spring Data JPA repositories in DEFAULT mode.
2026-07-15T20:48:45.431+09:00  INFO 10664 --- [ehms] [main] .s.d.r.c.RepositoryConfigurationDelegate : Finished Spring Data repository scanning in 98 ms. Found 9 JPA repository interfaces.
2026-07-15T20:48:46.899+09:00  INFO 10664 --- [ehms] [main] o.s.boot.tomcat.TomcatWebServer          : Tomcat initialized with port 8080 (http)
2026-07-15T20:48:46.920+09:00  INFO 10664 --- [ehms] [main] o.apache.catalina.core.StandardService   : Starting service [Tomcat]
2026-07-15T20:48:46.936+09:00  INFO 10664 --- [ehms] [main] o.apache.catalina.core.StandardEngine    : Starting Servlet engine: [Apache Tomcat/11.0.22]
2026-07-15T20:48:47.114+09:00  INFO 10664 --- [ehms] [main] b.w.c.s.WebApplicationContextInitializer : Root WebApplicationContext: initialization completed in 3436 ms
2026-07-15T20:48:47.328+09:00 DEBUG 10664 --- [ehms] [main] k.edu.ehms.logging.RequestLoggingFilter  : Filter 'requestLoggingFilter' configured for use
2026-07-15T20:48:47.690+09:00  INFO 10664 --- [ehms] [main] org.hibernate.orm.jpa                    : HHH008540: Processing PersistenceUnitInfo [name: default]
2026-07-15T20:48:47.917+09:00  INFO 10664 --- [ehms] [main] org.hibernate.orm.core                   : HHH000001: Hibernate ORM core version 7.4.1.Final
2026-07-15T20:48:49.043+09:00  INFO 10664 --- [ehms] [main] o.s.o.j.p.SpringPersistenceUnitInfo      : No LoadTimeWeaver setup: ignoring JPA class transformer
2026-07-15T20:48:49.124+09:00  INFO 10664 --- [ehms] [main] com.zaxxer.hikari.HikariDataSource       : HikariPool-1 - Starting...
2026-07-15T20:48:49.621+09:00  INFO 10664 --- [ehms] [main] com.zaxxer.hikari.pool.HikariPool        : HikariPool-1 - Added connection com.mysql.cj.jdbc.ConnectionImpl@6e5af973
2026-07-15T20:48:49.624+09:00  INFO 10664 --- [ehms] [main] com.zaxxer.hikari.HikariDataSource       : HikariPool-1 - Start completed.
2026-07-15T20:48:49.790+09:00  WARN 10664 --- [ehms] [main] org.hibernate.orm.core                   : HHH000511: The 5.5.5 version for [org.hibernate.dialect.MySQLDialect] is no longer supported, hence certain features may not work properly.The minimum supported version is 8.0.0. Check the community dialects project for available legacy versions.
2026-07-15T20:48:49.850+09:00  INFO 10664 --- [ehms] [main] org.hibernate.orm.connections.pooling    : HHH10001005: Database info:
	Database JDBC URL [jdbc:mysql://localhost:3306/hms_db?useSSL=false&allowPublicKeyRetrieval=true&serverTimezone=Asia/Tokyo]
	Database driver: MySQL Connector/J
	Database dialect: MySQLDialect
	Database version: 5.5.5
	Default catalog/schema: hms_db/undefined
	Autocommit mode: undefined/unknown
	Isolation level: REPEATABLE_READ [default REPEATABLE_READ]
	JDBC fetch size: none
	Pool: DataSourceConnectionProvider
	Minimum pool size: undefined/unknown
	Maximum pool size: undefined/unknown
2026-07-15T20:48:52.744+09:00  INFO 10664 --- [ehms] [main] org.hibernate.orm.core                   : HHH000489: No JTA platform available (set 'hibernate.transaction.jta.platform' to enable JTA platform integration)
2026-07-15T20:48:53.524+09:00  INFO 10664 --- [ehms] [main] j.LocalContainerEntityManagerFactoryBean : Initialized JPA EntityManagerFactory for persistence unit 'default'
2026-07-15T20:48:53.658+09:00  INFO 10664 --- [ehms] [main] o.s.d.j.r.query.QueryEnhancerFactories   : Hibernate is in classpath; If applicable, HQL parser will be used.
2026-07-15T20:48:56.671+09:00  INFO 10664 --- [ehms] [main] r$InitializeUserDetailsManagerConfigurer : Global AuthenticationManager configured with UserDetailsService bean with name customUserDetailsService
2026-07-15T20:48:59.046+09:00  INFO 10664 --- [ehms] [main] o.s.boot.tomcat.TomcatWebServer          : Tomcat started on port 8080 (http) with context path '/'
2026-07-15T20:48:59.063+09:00  INFO 10664 --- [ehms] [main] kcg.edu.ehms.EhmsApplicationKt           : Started EhmsApplicationKt in 16.417 seconds (process running for 18.579)
2026-07-15T20:48:59.363+09:00  INFO 10664 --- [ehms] [http-nio-8080-exec-2] o.a.c.c.C.[Tomcat].[localhost].[/]       : Initializing Spring DispatcherServlet 'dispatcherServlet'
2026-07-15T20:48:59.363+09:00  INFO 10664 --- [ehms] [http-nio-8080-exec-2] o.s.web.servlet.DispatcherServlet        : Initializing Servlet 'dispatcherServlet'
2026-07-15T20:48:59.380+09:00  INFO 10664 --- [ehms] [http-nio-8080-exec-2] o.s.web.servlet.DispatcherServlet        : Completed initialization in 16 ms
2026-07-15T20:48:59.479+09:00  INFO 10664 --- [ehms] [http-nio-8080-exec-4] k.edu.ehms.logging.RequestLoggingFilter  : HTTP OPTIONS /api/dashboard/earnings -> 200 (99 ms) from 127.0.0.1
2026-07-15T20:48:59.479+09:00  INFO 10664 --- [ehms] [http-nio-8080-exec-1] k.edu.ehms.logging.RequestLoggingFilter  : HTTP OPTIONS /api/dashboard/summary -> 200 (99 ms) from 0:0:0:0:0:0:0:1
2026-07-15T20:48:59.479+09:00  INFO 10664 --- [ehms] [http-nio-8080-exec-2] k.edu.ehms.logging.RequestLoggingFilter  : HTTP OPTIONS /api/dashboard/earnings -> 200 (99 ms) from 127.0.0.1
2026-07-15T20:48:59.479+09:00  INFO 10664 --- [ehms] [http-nio-8080-exec-3] k.edu.ehms.logging.RequestLoggingFilter  : HTTP OPTIONS /api/dashboard/summary -> 200 (99 ms) from 127.0.0.1
2026-07-15T20:49:00.445+09:00  INFO 10664 --- [ehms] [http-nio-8080-exec-8] k.edu.ehms.logging.RequestLoggingFilter  : HTTP GET /api/dashboard/summary -> 200 (947 ms) from 127.0.0.1
2026-07-15T20:49:00.445+09:00  INFO 10664 --- [ehms] [http-nio-8080-exec-7] k.edu.ehms.logging.RequestLoggingFilter  : HTTP GET /api/dashboard/summary -> 200 (949 ms) from 127.0.0.1
2026-07-15T20:49:00.455+09:00  INFO 10664 --- [ehms] [http-nio-8080-exec-6] k.edu.ehms.logging.RequestLoggingFilter  : HTTP GET /api/dashboard/earnings -> 200 (959 ms) from 0:0:0:0:0:0:0:1
2026-07-15T20:49:00.455+09:00  INFO 10664 --- [ehms] [http-nio-8080-exec-5] k.edu.ehms.logging.RequestLoggingFilter  : HTTP GET /api/dashboard/earnings -> 200 (959 ms) from 127.0.0.1
2026-07-15T20:50:53.780+09:00  INFO 10664 --- [ehms] [http-nio-8080-exec-3] k.edu.ehms.logging.RequestLoggingFilter  : HTTP OPTIONS /api/setup/charges -> 200 (1 ms) from 0:0:0:0:0:0:0:1
2026-07-15T20:50:53.790+09:00  INFO 10664 --- [ehms] [http-nio-8080-exec-8] k.edu.ehms.logging.RequestLoggingFilter  : HTTP OPTIONS /api/setup/charges -> 200 (11 ms) from 0:0:0:0:0:0:0:1
2026-07-15T20:50:53.906+09:00  INFO 10664 --- [ehms] [http-nio-8080-exec-6] k.edu.ehms.logging.RequestLoggingFilter  : HTTP GET /api/setup/charges -> 200 (108 ms) from 0:0:0:0:0:0:0:1
2026-07-15T20:50:53.909+09:00  INFO 10664 --- [ehms] [http-nio-8080-exec-7] k.edu.ehms.logging.RequestLoggingFilter  : HTTP GET /api/setup/charges -> 200 (120 ms) from 0:0:0:0:0:0:0:1
2026-07-15T20:51:03.075+09:00  INFO 10664 --- [ehms] [http-nio-8080-exec-5] k.edu.ehms.logging.RequestLoggingFilter  : HTTP OPTIONS /api/departments -> 200 (1 ms) from 0:0:0:0:0:0:0:1
2026-07-15T20:51:03.076+09:00  INFO 10664 --- [ehms] [http-nio-8080-exec-9] k.edu.ehms.logging.RequestLoggingFilter  : HTTP OPTIONS /api/departments -> 200 (1 ms) from 0:0:0:0:0:0:0:1
2026-07-15T20:51:03.134+09:00  INFO 10664 --- [ehms] [http-nio-8080-exec-2] k.edu.ehms.logging.RequestLoggingFilter  : HTTP GET /api/departments -> 200 (43 ms) from 0:0:0:0:0:0:0:1
2026-07-15T20:51:03.134+09:00  INFO 10664 --- [ehms] [http-nio-8080-exec-10] k.edu.ehms.logging.RequestLoggingFilter  : HTTP GET /api/departments -> 200 (44 ms) from 0:0:0:0:0:0:0:1
2026-07-15T20:51:05.299+09:00  INFO 10664 --- [ehms] [http-nio-8080-exec-4] k.edu.ehms.logging.RequestLoggingFilter  : HTTP OPTIONS /api/doctors -> 200 (1 ms) from 0:0:0:0:0:0:0:1
2026-07-15T20:51:05.350+09:00  INFO 10664 --- [ehms] [http-nio-8080-exec-1] k.edu.ehms.logging.RequestLoggingFilter  : HTTP GET /api/doctors -> 200 (46 ms) from 0:0:0:0:0:0:0:1
2026-07-15T20:51:07.218+09:00  INFO 10664 --- [ehms] [http-nio-8080-exec-3] k.edu.ehms.logging.RequestLoggingFilter  : HTTP OPTIONS /api/settings -> 200 (1 ms) from 0:0:0:0:0:0:0:1
2026-07-15T20:51:07.253+09:00  INFO 10664 --- [ehms] [http-nio-8080-exec-8] k.edu.ehms.logging.RequestLoggingFilter  : HTTP GET /api/settings -> 200 (29 ms) from 0:0:0:0:0:0:0:1
2026-07-15T20:56:25.809+09:00  INFO 10664 --- [ehms] [SpringApplicationShutdownHook] o.s.boot.tomcat.GracefulShutdown         : Commencing graceful shutdown. Waiting for active requests to complete
2026-07-15T20:56:26.207+09:00  INFO 10664 --- [ehms] [tomcat-shutdown] o.s.boot.tomcat.GracefulShutdown         : Graceful shutdown complete
2026-07-15T20:56:26.213+09:00  INFO 10664 --- [ehms] [SpringApplicationShutdownHook] j.LocalContainerEntityManagerFactoryBean : Closing JPA EntityManagerFactory for persistence unit 'default'
2026-07-15T20:56:26.215+09:00  INFO 10664 --- [ehms] [SpringApplicationShutdownHook] com.zaxxer.hikari.HikariDataSource       : HikariPool-1 - Shutdown initiated...
2026-07-15T20:56:26.228+09:00  INFO 10664 --- [ehms] [SpringApplicationShutdownHook] com.zaxxer.hikari.HikariDataSource       : HikariPool-1 - Shutdown completed.
2026-07-15T20:56:33.492+09:00  INFO 18976 --- [ehms] [main] kcg.edu.ehms.EhmsApplicationKt           : Starting EhmsApplicationKt using Java 17.0.19 with PID 18976 (D:\Web 3.0\ehms\target\classes started by Dell in D:\Web 3.0\ehms)
2026-07-15T20:56:33.497+09:00 DEBUG 18976 --- [ehms] [main] kcg.edu.ehms.EhmsApplicationKt           : Running with Spring Boot v4.1.0, Spring v7.0.8
2026-07-15T20:56:33.497+09:00  INFO 18976 --- [ehms] [main] kcg.edu.ehms.EhmsApplicationKt           : No active profile set, falling back to 1 default profile: "default"
2026-07-15T20:56:34.993+09:00  INFO 18976 --- [ehms] [main] .s.d.r.c.RepositoryConfigurationDelegate : Bootstrapping Spring Data JPA repositories in DEFAULT mode.
2026-07-15T20:56:35.095+09:00  INFO 18976 --- [ehms] [main] .s.d.r.c.RepositoryConfigurationDelegate : Finished Spring Data repository scanning in 94 ms. Found 9 JPA repository interfaces.
2026-07-15T20:56:36.622+09:00  INFO 18976 --- [ehms] [main] o.s.boot.tomcat.TomcatWebServer          : Tomcat initialized with port 8080 (http)
2026-07-15T20:56:36.659+09:00  INFO 18976 --- [ehms] [main] o.apache.catalina.core.StandardService   : Starting service [Tomcat]
2026-07-15T20:56:36.659+09:00  INFO 18976 --- [ehms] [main] o.apache.catalina.core.StandardEngine    : Starting Servlet engine: [Apache Tomcat/11.0.22]
2026-07-15T20:56:36.848+09:00  INFO 18976 --- [ehms] [main] b.w.c.s.WebApplicationContextInitializer : Root WebApplicationContext: initialization completed in 3274 ms
2026-07-15T20:56:37.073+09:00 DEBUG 18976 --- [ehms] [main] k.edu.ehms.logging.RequestLoggingFilter  : Filter 'requestLoggingFilter' configured for use
2026-07-15T20:56:37.478+09:00  INFO 18976 --- [ehms] [main] org.hibernate.orm.jpa                    : HHH008540: Processing PersistenceUnitInfo [name: default]
2026-07-15T20:56:37.636+09:00  INFO 18976 --- [ehms] [main] org.hibernate.orm.core                   : HHH000001: Hibernate ORM core version 7.4.1.Final
2026-07-15T20:56:38.889+09:00  INFO 18976 --- [ehms] [main] o.s.o.j.p.SpringPersistenceUnitInfo      : No LoadTimeWeaver setup: ignoring JPA class transformer
2026-07-15T20:56:38.978+09:00  INFO 18976 --- [ehms] [main] com.zaxxer.hikari.HikariDataSource       : HikariPool-1 - Starting...
2026-07-15T20:56:39.372+09:00  INFO 18976 --- [ehms] [main] com.zaxxer.hikari.pool.HikariPool        : HikariPool-1 - Added connection com.mysql.cj.jdbc.ConnectionImpl@2d41bb5a
2026-07-15T20:56:39.387+09:00  INFO 18976 --- [ehms] [main] com.zaxxer.hikari.HikariDataSource       : HikariPool-1 - Start completed.
2026-07-15T20:56:39.530+09:00  WARN 18976 --- [ehms] [main] org.hibernate.orm.core                   : HHH000511: The 5.5.5 version for [org.hibernate.dialect.MySQLDialect] is no longer supported, hence certain features may not work properly.The minimum supported version is 8.0.0. Check the community dialects project for available legacy versions.
2026-07-15T20:56:39.585+09:00  INFO 18976 --- [ehms] [main] org.hibernate.orm.connections.pooling    : HHH10001005: Database info:
	Database JDBC URL [jdbc:mysql://localhost:3306/hms_db?useSSL=false&allowPublicKeyRetrieval=true&serverTimezone=Asia/Tokyo]
	Database driver: MySQL Connector/J
	Database dialect: MySQLDialect
	Database version: 5.5.5
	Default catalog/schema: hms_db/undefined
	Autocommit mode: undefined/unknown
	Isolation level: REPEATABLE_READ [default REPEATABLE_READ]
	JDBC fetch size: none
	Pool: DataSourceConnectionProvider
	Minimum pool size: undefined/unknown
	Maximum pool size: undefined/unknown
2026-07-15T20:56:42.583+09:00  INFO 18976 --- [ehms] [main] org.hibernate.orm.core                   : HHH000489: No JTA platform available (set 'hibernate.transaction.jta.platform' to enable JTA platform integration)
2026-07-15T20:56:43.326+09:00  INFO 18976 --- [ehms] [main] j.LocalContainerEntityManagerFactoryBean : Initialized JPA EntityManagerFactory for persistence unit 'default'
2026-07-15T20:56:43.543+09:00  INFO 18976 --- [ehms] [main] o.s.d.j.r.query.QueryEnhancerFactories   : Hibernate is in classpath; If applicable, HQL parser will be used.
2026-07-15T20:56:46.325+09:00  INFO 18976 --- [ehms] [main] r$InitializeUserDetailsManagerConfigurer : Global AuthenticationManager configured with UserDetailsService bean with name customUserDetailsService
2026-07-15T20:56:47.687+09:00  INFO 18976 --- [ehms] [main] o.s.boot.tomcat.TomcatWebServer          : Tomcat started on port 8080 (http) with context path '/'
2026-07-15T20:56:47.719+09:00  INFO 18976 --- [ehms] [main] kcg.edu.ehms.EhmsApplicationKt           : Started EhmsApplicationKt in 14.906 seconds (process running for 15.406)
2026-07-15T20:56:49.693+09:00  INFO 18976 --- [ehms] [http-nio-8080-exec-2] o.a.c.c.C.[Tomcat].[localhost].[/]       : Initializing Spring DispatcherServlet 'dispatcherServlet'
2026-07-15T20:56:49.693+09:00  INFO 18976 --- [ehms] [http-nio-8080-exec-2] o.s.web.servlet.DispatcherServlet        : Initializing Servlet 'dispatcherServlet'
2026-07-15T20:56:49.693+09:00  INFO 18976 --- [ehms] [http-nio-8080-exec-2] o.s.web.servlet.DispatcherServlet        : Completed initialization in 0 ms
2026-07-15T20:56:49.791+09:00  INFO 18976 --- [ehms] [http-nio-8080-exec-1] k.edu.ehms.logging.RequestLoggingFilter  : HTTP OPTIONS /api/dashboard/earnings -> 200 (98 ms) from 0:0:0:0:0:0:0:1
2026-07-15T20:56:49.791+09:00  INFO 18976 --- [ehms] [http-nio-8080-exec-4] k.edu.ehms.logging.RequestLoggingFilter  : HTTP OPTIONS /api/dashboard/earnings -> 200 (98 ms) from 0:0:0:0:0:0:0:1
2026-07-15T20:56:49.791+09:00  INFO 18976 --- [ehms] [http-nio-8080-exec-3] k.edu.ehms.logging.RequestLoggingFilter  : HTTP OPTIONS /api/dashboard/summary -> 200 (98 ms) from 0:0:0:0:0:0:0:1
2026-07-15T20:56:49.792+09:00  INFO 18976 --- [ehms] [http-nio-8080-exec-2] k.edu.ehms.logging.RequestLoggingFilter  : HTTP OPTIONS /api/dashboard/summary -> 200 (98 ms) from 0:0:0:0:0:0:0:1
2026-07-15T20:56:51.147+09:00  INFO 18976 --- [ehms] [http-nio-8080-exec-7] k.edu.ehms.logging.RequestLoggingFilter  : HTTP GET /api/dashboard/summary -> 200 (1337 ms) from 0:0:0:0:0:0:0:1
2026-07-15T20:56:51.147+09:00  INFO 18976 --- [ehms] [http-nio-8080-exec-5] k.edu.ehms.logging.RequestLoggingFilter  : HTTP GET /api/dashboard/summary -> 200 (1339 ms) from 0:0:0:0:0:0:0:1
2026-07-15T20:56:51.162+09:00  INFO 18976 --- [ehms] [http-nio-8080-exec-8] k.edu.ehms.logging.RequestLoggingFilter  : HTTP GET /api/dashboard/earnings -> 200 (1354 ms) from 0:0:0:0:0:0:0:1
2026-07-15T20:56:51.162+09:00  INFO 18976 --- [ehms] [http-nio-8080-exec-6] k.edu.ehms.logging.RequestLoggingFilter  : HTTP GET /api/dashboard/earnings -> 200 (1354 ms) from 0:0:0:0:0:0:0:1
2026-07-15T20:57:11.940+09:00  INFO 18976 --- [ehms] [http-nio-8080-exec-9] k.edu.ehms.logging.RequestLoggingFilter  : HTTP OPTIONS /api/dashboard/summary -> 200 (7 ms) from 0:0:0:0:0:0:0:1
2026-07-15T20:57:11.940+09:00  INFO 18976 --- [ehms] [http-nio-8080-exec-2] k.edu.ehms.logging.RequestLoggingFilter  : HTTP OPTIONS /api/dashboard/summary -> 200 (0 ms) from 0:0:0:0:0:0:0:1
2026-07-15T20:57:11.942+09:00  INFO 18976 --- [ehms] [http-nio-8080-exec-10] k.edu.ehms.logging.RequestLoggingFilter  : HTTP OPTIONS /api/dashboard/earnings -> 200 (9 ms) from 0:0:0:0:0:0:0:1
2026-07-15T20:57:11.945+09:00  INFO 18976 --- [ehms] [http-nio-8080-exec-1] k.edu.ehms.logging.RequestLoggingFilter  : HTTP OPTIONS /api/dashboard/earnings -> 200 (1 ms) from 0:0:0:0:0:0:0:1
2026-07-15T20:57:11.981+09:00  INFO 18976 --- [ehms] [http-nio-8080-exec-4] k.edu.ehms.logging.RequestLoggingFilter  : HTTP GET /api/dashboard/summary -> 200 (36 ms) from 0:0:0:0:0:0:0:1
2026-07-15T20:57:11.982+09:00  INFO 18976 --- [ehms] [http-nio-8080-exec-3] k.edu.ehms.logging.RequestLoggingFilter  : HTTP GET /api/dashboard/summary -> 200 (35 ms) from 0:0:0:0:0:0:0:1
2026-07-15T20:57:11.984+09:00  INFO 18976 --- [ehms] [http-nio-8080-exec-7] k.edu.ehms.logging.RequestLoggingFilter  : HTTP GET /api/dashboard/earnings -> 200 (35 ms) from 0:0:0:0:0:0:0:1
2026-07-15T20:57:11.996+09:00  INFO 18976 --- [ehms] [http-nio-8080-exec-5] k.edu.ehms.logging.RequestLoggingFilter  : HTTP GET /api/dashboard/earnings -> 200 (43 ms) from 0:0:0:0:0:0:0:1
2026-07-15T20:58:11.230+09:00  INFO 18976 --- [ehms] [http-nio-8080-exec-6] k.edu.ehms.logging.RequestLoggingFilter  : HTTP OPTIONS /api/dashboard/earnings -> 200 (2 ms) from 0:0:0:0:0:0:0:1
2026-07-15T20:58:11.230+09:00  INFO 18976 --- [ehms] [http-nio-8080-exec-8] k.edu.ehms.logging.RequestLoggingFilter  : HTTP OPTIONS /api/dashboard/summary -> 200 (3 ms) from 0:0:0:0:0:0:0:1
2026-07-15T20:58:11.231+09:00  INFO 18976 --- [ehms] [http-nio-8080-exec-2] k.edu.ehms.logging.RequestLoggingFilter  : HTTP OPTIONS /api/dashboard/summary -> 200 (1 ms) from 0:0:0:0:0:0:0:1
2026-07-15T20:58:11.233+09:00  INFO 18976 --- [ehms] [http-nio-8080-exec-9] k.edu.ehms.logging.RequestLoggingFilter  : HTTP OPTIONS /api/dashboard/earnings -> 200 (2 ms) from 0:0:0:0:0:0:0:1
2026-07-15T20:58:11.287+09:00  INFO 18976 --- [ehms] [http-nio-8080-exec-10] k.edu.ehms.logging.RequestLoggingFilter  : HTTP GET /api/dashboard/summary -> 200 (44 ms) from 0:0:0:0:0:0:0:1
2026-07-15T20:58:11.296+09:00  INFO 18976 --- [ehms] [http-nio-8080-exec-1] k.edu.ehms.logging.RequestLoggingFilter  : HTTP GET /api/dashboard/earnings -> 200 (53 ms) from 0:0:0:0:0:0:0:1
2026-07-15T20:58:11.314+09:00  INFO 18976 --- [ehms] [http-nio-8080-exec-4] k.edu.ehms.logging.RequestLoggingFilter  : HTTP GET /api/dashboard/summary -> 200 (27 ms) from 0:0:0:0:0:0:0:1
2026-07-15T20:58:11.327+09:00  INFO 18976 --- [ehms] [http-nio-8080-exec-1] k.edu.ehms.logging.RequestLoggingFilter  : HTTP GET /api/dashboard/earnings -> 200 (31 ms) from 0:0:0:0:0:0:0:1
2026-07-15T20:58:39.263+09:00  INFO 18976 --- [ehms] [http-nio-8080-exec-8] k.edu.ehms.logging.RequestLoggingFilter  : HTTP OPTIONS /api/dashboard/summary -> 200 (2 ms) from 0:0:0:0:0:0:0:1
2026-07-15T20:58:39.264+09:00  INFO 18976 --- [ehms] [http-nio-8080-exec-6] k.edu.ehms.logging.RequestLoggingFilter  : HTTP OPTIONS /api/dashboard/earnings -> 200 (1 ms) from 0:0:0:0:0:0:0:1
2026-07-15T20:58:39.264+09:00  INFO 18976 --- [ehms] [http-nio-8080-exec-7] k.edu.ehms.logging.RequestLoggingFilter  : HTTP OPTIONS /api/dashboard/summary -> 200 (5 ms) from 0:0:0:0:0:0:0:1
2026-07-15T20:58:39.265+09:00  INFO 18976 --- [ehms] [http-nio-8080-exec-5] k.edu.ehms.logging.RequestLoggingFilter  : HTTP OPTIONS /api/dashboard/earnings -> 200 (5 ms) from 0:0:0:0:0:0:0:1
2026-07-15T20:58:39.312+09:00  INFO 18976 --- [ehms] [http-nio-8080-exec-9] k.edu.ehms.logging.RequestLoggingFilter  : HTTP GET /api/dashboard/summary -> 200 (32 ms) from 0:0:0:0:0:0:0:1
2026-07-15T20:58:39.318+09:00  INFO 18976 --- [ehms] [http-nio-8080-exec-10] k.edu.ehms.logging.RequestLoggingFilter  : HTTP GET /api/dashboard/summary -> 200 (36 ms) from 0:0:0:0:0:0:0:1
2026-07-15T20:58:39.323+09:00  INFO 18976 --- [ehms] [http-nio-8080-exec-2] k.edu.ehms.logging.RequestLoggingFilter  : HTTP GET /api/dashboard/earnings -> 200 (50 ms) from 0:0:0:0:0:0:0:1
2026-07-15T20:58:39.323+09:00  INFO 18976 --- [ehms] [http-nio-8080-exec-3] k.edu.ehms.logging.RequestLoggingFilter  : HTTP GET /api/dashboard/earnings -> 200 (42 ms) from 0:0:0:0:0:0:0:1
2026-07-15T20:58:43.328+09:00  INFO 18976 --- [ehms] [http-nio-8080-exec-4] k.edu.ehms.logging.RequestLoggingFilter  : HTTP OPTIONS /api/auth/logout -> 200 (1 ms) from 0:0:0:0:0:0:0:1
2026-07-15T20:58:43.344+09:00  INFO 18976 --- [ehms] [http-nio-8080-exec-1] k.edu.ehms.logging.RequestLoggingFilter  : HTTP POST /api/auth/logout -> 200 (12 ms) from 0:0:0:0:0:0:0:1
2026-07-15T20:58:50.954+09:00  INFO 18976 --- [ehms] [http-nio-8080-exec-6] k.edu.ehms.logging.RequestLoggingFilter  : HTTP OPTIONS /api/auth/login -> 200 (1 ms) from 0:0:0:0:0:0:0:1
2026-07-15T20:58:52.040+09:00 DEBUG 18976 --- [ehms] [http-nio-8080-exec-7] k.e.e.security.CustomUserDetailsService  : Loaded user subjeevan with authorities [ROLE_ADMIN, ROLE_USER]
2026-07-15T20:58:52.902+09:00  INFO 18976 --- [ehms] [http-nio-8080-exec-7] kcg.edu.ehms.service.AuthService         : Successful login for user subjeevan
2026-07-15T20:58:52.918+09:00  INFO 18976 --- [ehms] [http-nio-8080-exec-7] k.edu.ehms.logging.RequestLoggingFilter  : HTTP POST /api/auth/login -> 200 (1958 ms) from 0:0:0:0:0:0:0:1
2026-07-15T20:58:53.121+09:00  INFO 18976 --- [ehms] [http-nio-8080-exec-8] k.edu.ehms.logging.RequestLoggingFilter  : HTTP OPTIONS /api/dashboard/summary -> 200 (0 ms) from 0:0:0:0:0:0:0:1
2026-07-15T20:58:53.126+09:00  INFO 18976 --- [ehms] [http-nio-8080-exec-9] k.edu.ehms.logging.RequestLoggingFilter  : HTTP OPTIONS /api/dashboard/summary -> 200 (3 ms) from 0:0:0:0:0:0:0:1
2026-07-15T20:58:53.126+09:00  INFO 18976 --- [ehms] [http-nio-8080-exec-5] k.edu.ehms.logging.RequestLoggingFilter  : HTTP OPTIONS /api/dashboard/earnings -> 200 (3 ms) from 0:0:0:0:0:0:0:1
2026-07-15T20:58:53.132+09:00  INFO 18976 --- [ehms] [http-nio-8080-exec-8] k.edu.ehms.logging.RequestLoggingFilter  : HTTP OPTIONS /api/dashboard/earnings -> 200 (2 ms) from 0:0:0:0:0:0:0:1
2026-07-15T20:58:53.170+09:00  INFO 18976 --- [ehms] [http-nio-8080-exec-4] k.edu.ehms.logging.RequestLoggingFilter  : HTTP GET /api/dashboard/summary -> 200 (34 ms) from 0:0:0:0:0:0:0:1
2026-07-15T20:58:53.170+09:00  INFO 18976 --- [ehms] [http-nio-8080-exec-10] k.edu.ehms.logging.RequestLoggingFilter  : HTTP GET /api/dashboard/summary -> 200 (36 ms) from 0:0:0:0:0:0:0:1
2026-07-15T20:58:53.182+09:00  INFO 18976 --- [ehms] [http-nio-8080-exec-3] k.edu.ehms.logging.RequestLoggingFilter  : HTTP GET /api/dashboard/earnings -> 200 (41 ms) from 0:0:0:0:0:0:0:1
2026-07-15T20:58:53.185+09:00  INFO 18976 --- [ehms] [http-nio-8080-exec-1] k.edu.ehms.logging.RequestLoggingFilter  : HTTP GET /api/dashboard/earnings -> 200 (43 ms) from 0:0:0:0:0:0:0:1
2026-07-15T20:59:45.840+09:00  INFO 18976 --- [ehms] [http-nio-8080-exec-6] k.edu.ehms.logging.RequestLoggingFilter  : HTTP OPTIONS /api/patients/with-billing -> 200 (5 ms) from 0:0:0:0:0:0:0:1
2026-07-15T20:59:46.051+09:00  INFO 18976 --- [ehms] [http-nio-8080-exec-7] kcg.edu.ehms.service.PatientService      : Patient 17 created by subjeevan
2026-07-15T20:59:46.089+09:00  INFO 18976 --- [ehms] [http-nio-8080-exec-7] kcg.edu.ehms.service.PatientService      : Created registration bill 9 for patient 17 with amount 100.00
2026-07-15T20:59:46.213+09:00  INFO 18976 --- [ehms] [http-nio-8080-exec-7] k.edu.ehms.logging.RequestLoggingFilter  : HTTP POST /api/patients/with-billing -> 201 (366 ms) from 0:0:0:0:0:0:0:1
2026-07-15T20:59:46.357+09:00  INFO 18976 --- [ehms] [http-nio-8080-exec-5] k.edu.ehms.logging.RequestLoggingFilter  : HTTP OPTIONS /api/patients -> 200 (1 ms) from 0:0:0:0:0:0:0:1
2026-07-15T20:59:46.359+09:00  INFO 18976 --- [ehms] [http-nio-8080-exec-9] k.edu.ehms.logging.RequestLoggingFilter  : HTTP OPTIONS /api/patients -> 200 (1 ms) from 0:0:0:0:0:0:0:1
2026-07-15T20:59:46.519+09:00  INFO 18976 --- [ehms] [http-nio-8080-exec-2] k.edu.ehms.logging.RequestLoggingFilter  : HTTP GET /api/patients -> 200 (148 ms) from 0:0:0:0:0:0:0:1
2026-07-15T20:59:46.519+09:00  INFO 18976 --- [ehms] [http-nio-8080-exec-9] k.edu.ehms.logging.RequestLoggingFilter  : HTTP GET /api/patients -> 200 (148 ms) from 0:0:0:0:0:0:0:1
2026-07-15T20:59:50.023+09:00  INFO 18976 --- [ehms] [http-nio-8080-exec-1] k.edu.ehms.logging.RequestLoggingFilter  : HTTP OPTIONS /api/dashboard/earnings -> 200 (0 ms) from 0:0:0:0:0:0:0:1
2026-07-15T20:59:50.023+09:00  INFO 18976 --- [ehms] [http-nio-8080-exec-4] k.edu.ehms.logging.RequestLoggingFilter  : HTTP OPTIONS /api/dashboard/summary -> 200 (0 ms) from 0:0:0:0:0:0:0:1
2026-07-15T20:59:50.023+09:00  INFO 18976 --- [ehms] [http-nio-8080-exec-3] k.edu.ehms.logging.RequestLoggingFilter  : HTTP OPTIONS /api/dashboard/summary -> 200 (0 ms) from 0:0:0:0:0:0:0:1
2026-07-15T20:59:50.023+09:00  INFO 18976 --- [ehms] [http-nio-8080-exec-10] k.edu.ehms.logging.RequestLoggingFilter  : HTTP OPTIONS /api/dashboard/earnings -> 200 (0 ms) from 0:0:0:0:0:0:0:1
2026-07-15T20:59:50.053+09:00  INFO 18976 --- [ehms] [http-nio-8080-exec-7] k.edu.ehms.logging.RequestLoggingFilter  : HTTP GET /api/dashboard/summary -> 200 (22 ms) from 0:0:0:0:0:0:0:1
2026-07-15T20:59:50.055+09:00  INFO 18976 --- [ehms] [http-nio-8080-exec-5] k.edu.ehms.logging.RequestLoggingFilter  : HTTP GET /api/dashboard/summary -> 200 (24 ms) from 0:0:0:0:0:0:0:1
2026-07-15T20:59:50.065+09:00  INFO 18976 --- [ehms] [http-nio-8080-exec-6] k.edu.ehms.logging.RequestLoggingFilter  : HTTP GET /api/dashboard/earnings -> 200 (34 ms) from 0:0:0:0:0:0:0:1
2026-07-15T20:59:50.065+09:00  INFO 18976 --- [ehms] [http-nio-8080-exec-8] k.edu.ehms.logging.RequestLoggingFilter  : HTTP GET /api/dashboard/earnings -> 200 (31 ms) from 0:0:0:0:0:0:0:1
2026-07-15T21:00:12.144+09:00  INFO 18976 --- [ehms] [http-nio-8080-exec-2] k.edu.ehms.logging.RequestLoggingFilter  : HTTP OPTIONS /api/patients/with-billing -> 200 (5 ms) from 0:0:0:0:0:0:0:1
2026-07-15T21:00:12.161+09:00  INFO 18976 --- [ehms] [http-nio-8080-exec-9] kcg.edu.ehms.service.PatientService      : Patient 18 created by subjeevan
2026-07-15T21:00:12.161+09:00  INFO 18976 --- [ehms] [http-nio-8080-exec-9] kcg.edu.ehms.service.PatientService      : Created registration bill 10 for patient 18 with amount 500.00
2026-07-15T21:00:12.177+09:00  INFO 18976 --- [ehms] [http-nio-8080-exec-9] k.edu.ehms.logging.RequestLoggingFilter  : HTTP POST /api/patients/with-billing -> 201 (31 ms) from 0:0:0:0:0:0:0:1
2026-07-15T21:00:12.317+09:00  INFO 18976 --- [ehms] [http-nio-8080-exec-1] k.edu.ehms.logging.RequestLoggingFilter  : HTTP OPTIONS /api/patients -> 200 (1 ms) from 0:0:0:0:0:0:0:1
2026-07-15T21:00:12.318+09:00  INFO 18976 --- [ehms] [http-nio-8080-exec-4] k.edu.ehms.logging.RequestLoggingFilter  : HTTP OPTIONS /api/patients -> 200 (0 ms) from 0:0:0:0:0:0:0:1
2026-07-15T21:00:12.373+09:00  INFO 18976 --- [ehms] [http-nio-8080-exec-10] k.edu.ehms.logging.RequestLoggingFilter  : HTTP GET /api/patients -> 200 (51 ms) from 0:0:0:0:0:0:0:1
2026-07-15T21:00:12.373+09:00  INFO 18976 --- [ehms] [http-nio-8080-exec-3] k.edu.ehms.logging.RequestLoggingFilter  : HTTP GET /api/patients -> 200 (51 ms) from 0:0:0:0:0:0:0:1
2026-07-15T21:00:14.819+09:00  INFO 18976 --- [ehms] [http-nio-8080-exec-6] k.edu.ehms.logging.RequestLoggingFilter  : HTTP OPTIONS /api/dashboard/summary -> 200 (10 ms) from 0:0:0:0:0:0:0:1
2026-07-15T21:00:14.821+09:00  INFO 18976 --- [ehms] [http-nio-8080-exec-7] k.edu.ehms.logging.RequestLoggingFilter  : HTTP OPTIONS /api/dashboard/summary -> 200 (6 ms) from 0:0:0:0:0:0:0:1
2026-07-15T21:00:14.821+09:00  INFO 18976 --- [ehms] [http-nio-8080-exec-8] k.edu.ehms.logging.RequestLoggingFilter  : HTTP OPTIONS /api/dashboard/earnings -> 200 (0 ms) from 0:0:0:0:0:0:0:1
2026-07-15T21:00:14.823+09:00  INFO 18976 --- [ehms] [http-nio-8080-exec-5] k.edu.ehms.logging.RequestLoggingFilter  : HTTP OPTIONS /api/dashboard/earnings -> 200 (6 ms) from 0:0:0:0:0:0:0:1
2026-07-15T21:00:14.854+09:00  INFO 18976 --- [ehms] [http-nio-8080-exec-2] k.edu.ehms.logging.RequestLoggingFilter  : HTTP GET /api/dashboard/summary -> 200 (28 ms) from 0:0:0:0:0:0:0:1
2026-07-15T21:00:14.862+09:00  INFO 18976 --- [ehms] [http-nio-8080-exec-9] k.edu.ehms.logging.RequestLoggingFilter  : HTTP GET /api/dashboard/summary -> 200 (35 ms) from 0:0:0:0:0:0:0:1
2026-07-15T21:00:14.874+09:00  INFO 18976 --- [ehms] [http-nio-8080-exec-1] k.edu.ehms.logging.RequestLoggingFilter  : HTTP GET /api/dashboard/earnings -> 200 (45 ms) from 0:0:0:0:0:0:0:1
2026-07-15T21:00:14.874+09:00  INFO 18976 --- [ehms] [http-nio-8080-exec-4] k.edu.ehms.logging.RequestLoggingFilter  : HTTP GET /api/dashboard/earnings -> 200 (40 ms) from 0:0:0:0:0:0:0:1
2026-07-15T21:34:47.908+09:00  INFO 18976 --- [ehms] [http-nio-8080-exec-8] k.edu.ehms.logging.RequestLoggingFilter  : HTTP OPTIONS /api/dashboard/summary -> 200 (1 ms) from 0:0:0:0:0:0:0:1
2026-07-15T21:34:47.909+09:00  INFO 18976 --- [ehms] [http-nio-8080-exec-5] k.edu.ehms.logging.RequestLoggingFilter  : HTTP OPTIONS /api/dashboard/earnings -> 200 (1 ms) from 0:0:0:0:0:0:0:1
2026-07-15T21:34:47.929+09:00  INFO 18976 --- [ehms] [http-nio-8080-exec-2] k.edu.ehms.logging.RequestLoggingFilter  : HTTP GET /api/dashboard/summary -> 200 (16 ms) from 0:0:0:0:0:0:0:1
2026-07-15T21:34:48.150+09:00  INFO 18976 --- [ehms] [http-nio-8080-exec-9] k.edu.ehms.logging.RequestLoggingFilter  : HTTP GET /api/dashboard/earnings -> 200 (237 ms) from 0:0:0:0:0:0:0:1
2026-07-15T21:35:43.231+09:00  INFO 18976 --- [ehms] [SpringApplicationShutdownHook] o.s.boot.tomcat.GracefulShutdown         : Commencing graceful shutdown. Waiting for active requests to complete
2026-07-15T21:35:43.628+09:00  INFO 18976 --- [ehms] [tomcat-shutdown] o.s.boot.tomcat.GracefulShutdown         : Graceful shutdown complete
2026-07-15T21:35:43.634+09:00  INFO 18976 --- [ehms] [SpringApplicationShutdownHook] j.LocalContainerEntityManagerFactoryBean : Closing JPA EntityManagerFactory for persistence unit 'default'
2026-07-15T21:35:43.636+09:00  INFO 18976 --- [ehms] [SpringApplicationShutdownHook] com.zaxxer.hikari.HikariDataSource       : HikariPool-1 - Shutdown initiated...
2026-07-15T21:35:43.639+09:00  INFO 18976 --- [ehms] [SpringApplicationShutdownHook] com.zaxxer.hikari.HikariDataSource       : HikariPool-1 - Shutdown completed.
2026-07-15T21:35:53.192+09:00  INFO 22396 --- [ehms] [main] kcg.edu.ehms.EhmsApplicationKt           : Starting EhmsApplicationKt using Java 17.0.19 with PID 22396 (D:\Web 3.0\ehms\target\classes started by Dell in D:\Web 3.0\ehms)
2026-07-15T21:35:53.195+09:00 DEBUG 22396 --- [ehms] [main] kcg.edu.ehms.EhmsApplicationKt           : Running with Spring Boot v4.1.0, Spring v7.0.8
2026-07-15T21:35:53.196+09:00  INFO 22396 --- [ehms] [main] kcg.edu.ehms.EhmsApplicationKt           : No active profile set, falling back to 1 default profile: "default"
2026-07-15T21:35:54.882+09:00  INFO 22396 --- [ehms] [main] .s.d.r.c.RepositoryConfigurationDelegate : Bootstrapping Spring Data JPA repositories in DEFAULT mode.
2026-07-15T21:35:54.988+09:00  INFO 22396 --- [ehms] [main] .s.d.r.c.RepositoryConfigurationDelegate : Finished Spring Data repository scanning in 100 ms. Found 9 JPA repository interfaces.
2026-07-15T21:35:56.422+09:00  INFO 22396 --- [ehms] [main] o.s.boot.tomcat.TomcatWebServer          : Tomcat initialized with port 8080 (http)
2026-07-15T21:35:56.453+09:00  INFO 22396 --- [ehms] [main] o.apache.catalina.core.StandardService   : Starting service [Tomcat]
2026-07-15T21:35:56.453+09:00  INFO 22396 --- [ehms] [main] o.apache.catalina.core.StandardEngine    : Starting Servlet engine: [Apache Tomcat/11.0.22]
2026-07-15T21:35:56.647+09:00  INFO 22396 --- [ehms] [main] b.w.c.s.WebApplicationContextInitializer : Root WebApplicationContext: initialization completed in 3379 ms
2026-07-15T21:35:56.845+09:00 DEBUG 22396 --- [ehms] [main] k.edu.ehms.logging.RequestLoggingFilter  : Filter 'requestLoggingFilter' configured for use
2026-07-15T21:35:57.267+09:00  INFO 22396 --- [ehms] [main] org.hibernate.orm.jpa                    : HHH008540: Processing PersistenceUnitInfo [name: default]
2026-07-15T21:35:57.423+09:00  INFO 22396 --- [ehms] [main] org.hibernate.orm.core                   : HHH000001: Hibernate ORM core version 7.4.1.Final
2026-07-15T21:35:58.583+09:00  INFO 22396 --- [ehms] [main] o.s.o.j.p.SpringPersistenceUnitInfo      : No LoadTimeWeaver setup: ignoring JPA class transformer
2026-07-15T21:35:58.671+09:00  INFO 22396 --- [ehms] [main] com.zaxxer.hikari.HikariDataSource       : HikariPool-1 - Starting...
2026-07-15T21:35:59.065+09:00  INFO 22396 --- [ehms] [main] com.zaxxer.hikari.pool.HikariPool        : HikariPool-1 - Added connection com.mysql.cj.jdbc.ConnectionImpl@2d41bb5a
2026-07-15T21:35:59.069+09:00  INFO 22396 --- [ehms] [main] com.zaxxer.hikari.HikariDataSource       : HikariPool-1 - Start completed.
2026-07-15T21:35:59.297+09:00  WARN 22396 --- [ehms] [main] org.hibernate.orm.core                   : HHH000511: The 5.5.5 version for [org.hibernate.dialect.MySQLDialect] is no longer supported, hence certain features may not work properly.The minimum supported version is 8.0.0. Check the community dialects project for available legacy versions.
2026-07-15T21:35:59.362+09:00  INFO 22396 --- [ehms] [main] org.hibernate.orm.connections.pooling    : HHH10001005: Database info:
	Database JDBC URL [jdbc:mysql://localhost:3306/hms_db?useSSL=false&allowPublicKeyRetrieval=true&serverTimezone=Asia/Tokyo]
	Database driver: MySQL Connector/J
	Database dialect: MySQLDialect
	Database version: 5.5.5
	Default catalog/schema: hms_db/undefined
	Autocommit mode: undefined/unknown
	Isolation level: REPEATABLE_READ [default REPEATABLE_READ]
	JDBC fetch size: none
	Pool: DataSourceConnectionProvider
	Minimum pool size: undefined/unknown
	Maximum pool size: undefined/unknown
2026-07-15T21:36:02.428+09:00  INFO 22396 --- [ehms] [main] org.hibernate.orm.core                   : HHH000489: No JTA platform available (set 'hibernate.transaction.jta.platform' to enable JTA platform integration)
2026-07-15T21:36:03.079+09:00  INFO 22396 --- [ehms] [main] j.LocalContainerEntityManagerFactoryBean : Initialized JPA EntityManagerFactory for persistence unit 'default'
2026-07-15T21:36:03.391+09:00  INFO 22396 --- [ehms] [main] o.s.d.j.r.query.QueryEnhancerFactories   : Hibernate is in classpath; If applicable, HQL parser will be used.
2026-07-15T21:36:06.571+09:00  INFO 22396 --- [ehms] [main] r$InitializeUserDetailsManagerConfigurer : Global AuthenticationManager configured with UserDetailsService bean with name customUserDetailsService
2026-07-15T21:36:07.969+09:00  INFO 22396 --- [ehms] [main] o.s.boot.tomcat.TomcatWebServer          : Tomcat started on port 8080 (http) with context path '/'
2026-07-15T21:36:07.976+09:00  INFO 22396 --- [ehms] [main] kcg.edu.ehms.EhmsApplicationKt           : Started EhmsApplicationKt in 15.34 seconds (process running for 15.864)
2026-07-15T21:36:21.535+09:00  INFO 22396 --- [ehms] [http-nio-8080-exec-2] o.a.c.c.C.[Tomcat].[localhost].[/]       : Initializing Spring DispatcherServlet 'dispatcherServlet'
2026-07-15T21:36:21.535+09:00  INFO 22396 --- [ehms] [http-nio-8080-exec-2] o.s.web.servlet.DispatcherServlet        : Initializing Servlet 'dispatcherServlet'
2026-07-15T21:36:21.535+09:00  INFO 22396 --- [ehms] [http-nio-8080-exec-2] o.s.web.servlet.DispatcherServlet        : Completed initialization in 0 ms
2026-07-15T21:36:21.624+09:00  INFO 22396 --- [ehms] [http-nio-8080-exec-1] k.edu.ehms.logging.RequestLoggingFilter  : HTTP OPTIONS /api/dashboard/earnings -> 200 (78 ms) from 0:0:0:0:0:0:0:1
2026-07-15T21:36:21.624+09:00  INFO 22396 --- [ehms] [http-nio-8080-exec-4] k.edu.ehms.logging.RequestLoggingFilter  : HTTP OPTIONS /api/dashboard/earnings -> 200 (78 ms) from 0:0:0:0:0:0:0:1
2026-07-15T21:36:21.624+09:00  INFO 22396 --- [ehms] [http-nio-8080-exec-2] k.edu.ehms.logging.RequestLoggingFilter  : HTTP OPTIONS /api/dashboard/summary -> 200 (78 ms) from 0:0:0:0:0:0:0:1
2026-07-15T21:36:21.624+09:00  INFO 22396 --- [ehms] [http-nio-8080-exec-3] k.edu.ehms.logging.RequestLoggingFilter  : HTTP OPTIONS /api/dashboard/summary -> 200 (78 ms) from 0:0:0:0:0:0:0:1
2026-07-15T21:36:22.485+09:00  INFO 22396 --- [ehms] [http-nio-8080-exec-10] k.edu.ehms.logging.RequestLoggingFilter  : HTTP GET /api/dashboard/summary -> 200 (830 ms) from 0:0:0:0:0:0:0:1
2026-07-15T21:36:22.484+09:00  INFO 22396 --- [ehms] [http-nio-8080-exec-8] k.edu.ehms.logging.RequestLoggingFilter  : HTTP GET /api/dashboard/summary -> 200 (829 ms) from 0:0:0:0:0:0:0:1
2026-07-15T21:36:22.487+09:00  INFO 22396 --- [ehms] [http-nio-8080-exec-9] k.edu.ehms.logging.RequestLoggingFilter  : HTTP GET /api/dashboard/earnings -> 200 (833 ms) from 0:0:0:0:0:0:0:1
2026-07-15T21:36:22.487+09:00  INFO 22396 --- [ehms] [http-nio-8080-exec-5] k.edu.ehms.logging.RequestLoggingFilter  : HTTP GET /api/dashboard/earnings -> 200 (834 ms) from 0:0:0:0:0:0:0:1
2026-07-15T21:37:39.365+09:00  INFO 22396 --- [ehms] [http-nio-8080-exec-2] k.edu.ehms.logging.RequestLoggingFilter  : HTTP OPTIONS /api/auth/logout -> 200 (2 ms) from 0:0:0:0:0:0:0:1
2026-07-15T21:37:39.775+09:00  INFO 22396 --- [ehms] [http-nio-8080-exec-1] k.edu.ehms.logging.RequestLoggingFilter  : HTTP POST /api/auth/logout -> 200 (404 ms) from 0:0:0:0:0:0:0:1
2026-07-15T21:37:45.814+09:00  INFO 22396 --- [ehms] [http-nio-8080-exec-8] k.edu.ehms.logging.RequestLoggingFilter  : HTTP OPTIONS /api/auth/login -> 200 (2 ms) from 0:0:0:0:0:0:0:1
2026-07-15T21:37:46.928+09:00 DEBUG 22396 --- [ehms] [http-nio-8080-exec-10] k.e.e.security.CustomUserDetailsService  : Loaded user user with authorities [ROLE_USER]
2026-07-15T21:37:47.736+09:00  INFO 22396 --- [ehms] [http-nio-8080-exec-10] kcg.edu.ehms.service.AuthService         : Successful login for user user
2026-07-15T21:37:47.762+09:00  INFO 22396 --- [ehms] [http-nio-8080-exec-10] k.edu.ehms.logging.RequestLoggingFilter  : HTTP POST /api/auth/login -> 200 (1943 ms) from 0:0:0:0:0:0:0:1
2026-07-15T21:37:47.973+09:00  INFO 22396 --- [ehms] [http-nio-8080-exec-9] k.edu.ehms.logging.RequestLoggingFilter  : HTTP OPTIONS /api/dashboard/summary -> 200 (5 ms) from 0:0:0:0:0:0:0:1
2026-07-15T21:37:47.974+09:00  INFO 22396 --- [ehms] [http-nio-8080-exec-5] k.edu.ehms.logging.RequestLoggingFilter  : HTTP OPTIONS /api/dashboard/summary -> 200 (10 ms) from 0:0:0:0:0:0:0:1
2026-07-15T21:37:48.023+09:00  INFO 22396 --- [ehms] [http-nio-8080-exec-4] k.edu.ehms.logging.RequestLoggingFilter  : HTTP GET /api/dashboard/summary -> 200 (36 ms) from 0:0:0:0:0:0:0:1
2026-07-15T21:37:48.023+09:00  INFO 22396 --- [ehms] [http-nio-8080-exec-7] k.edu.ehms.logging.RequestLoggingFilter  : HTTP GET /api/dashboard/summary -> 200 (38 ms) from 0:0:0:0:0:0:0:1
2026-07-15T21:38:13.267+09:00  INFO 22396 --- [ehms] [http-nio-8080-exec-3] k.edu.ehms.logging.RequestLoggingFilter  : HTTP OPTIONS /api/patients/with-billing -> 200 (2 ms) from 0:0:0:0:0:0:0:1
2026-07-15T21:38:13.488+09:00  INFO 22396 --- [ehms] [http-nio-8080-exec-6] kcg.edu.ehms.service.PatientService      : Patient 19 created by user
2026-07-15T21:38:13.508+09:00  INFO 22396 --- [ehms] [http-nio-8080-exec-6] kcg.edu.ehms.service.PatientService      : Created registration bill 11 for patient 19 with amount 100.00
2026-07-15T21:38:13.775+09:00  INFO 22396 --- [ehms] [http-nio-8080-exec-6] k.edu.ehms.logging.RequestLoggingFilter  : HTTP POST /api/patients/with-billing -> 201 (498 ms) from 0:0:0:0:0:0:0:1
2026-07-15T21:38:13.943+09:00  INFO 22396 --- [ehms] [http-nio-8080-exec-1] k.edu.ehms.logging.RequestLoggingFilter  : HTTP OPTIONS /api/patients -> 200 (1 ms) from 0:0:0:0:0:0:0:1
2026-07-15T21:38:13.943+09:00  INFO 22396 --- [ehms] [http-nio-8080-exec-2] k.edu.ehms.logging.RequestLoggingFilter  : HTTP OPTIONS /api/patients -> 200 (1 ms) from 0:0:0:0:0:0:0:1
2026-07-15T21:38:14.102+09:00  INFO 22396 --- [ehms] [http-nio-8080-exec-8] k.edu.ehms.logging.RequestLoggingFilter  : HTTP GET /api/patients -> 200 (140 ms) from 0:0:0:0:0:0:0:1
2026-07-15T21:38:14.102+09:00  INFO 22396 --- [ehms] [http-nio-8080-exec-10] k.edu.ehms.logging.RequestLoggingFilter  : HTTP GET /api/patients -> 200 (140 ms) from 0:0:0:0:0:0:0:1
2026-07-15T21:38:16.136+09:00  INFO 22396 --- [ehms] [http-nio-8080-exec-9] k.edu.ehms.logging.RequestLoggingFilter  : HTTP OPTIONS /api/dashboard/summary -> 200 (2 ms) from 0:0:0:0:0:0:0:1
2026-07-15T21:38:16.136+09:00  INFO 22396 --- [ehms] [http-nio-8080-exec-5] k.edu.ehms.logging.RequestLoggingFilter  : HTTP OPTIONS /api/dashboard/summary -> 200 (2 ms) from 0:0:0:0:0:0:0:1
2026-07-15T21:38:16.184+09:00  INFO 22396 --- [ehms] [http-nio-8080-exec-4] k.edu.ehms.logging.RequestLoggingFilter  : HTTP GET /api/dashboard/summary -> 200 (42 ms) from 0:0:0:0:0:0:0:1
2026-07-15T21:38:16.184+09:00  INFO 22396 --- [ehms] [http-nio-8080-exec-7] k.edu.ehms.logging.RequestLoggingFilter  : HTTP GET /api/dashboard/summary -> 200 (42 ms) from 0:0:0:0:0:0:0:1
2026-07-15T21:38:32.640+09:00  INFO 22396 --- [ehms] [http-nio-8080-exec-3] k.edu.ehms.logging.RequestLoggingFilter  : HTTP OPTIONS /api/patients -> 200 (1 ms) from 0:0:0:0:0:0:0:1
2026-07-15T21:38:32.640+09:00  INFO 22396 --- [ehms] [http-nio-8080-exec-6] k.edu.ehms.logging.RequestLoggingFilter  : HTTP OPTIONS /api/patients -> 200 (0 ms) from 0:0:0:0:0:0:0:1
2026-07-15T21:38:32.695+09:00  INFO 22396 --- [ehms] [http-nio-8080-exec-1] k.edu.ehms.logging.RequestLoggingFilter  : HTTP GET /api/patients -> 200 (46 ms) from 0:0:0:0:0:0:0:1
2026-07-15T21:38:32.695+09:00  INFO 22396 --- [ehms] [http-nio-8080-exec-2] k.edu.ehms.logging.RequestLoggingFilter  : HTTP GET /api/patients -> 200 (48 ms) from 0:0:0:0:0:0:0:1
2026-07-15T21:38:36.470+09:00  INFO 22396 --- [ehms] [http-nio-8080-exec-10] k.edu.ehms.logging.RequestLoggingFilter  : HTTP OPTIONS /api/auth/logout -> 200 (0 ms) from 0:0:0:0:0:0:0:1
2026-07-15T21:38:36.477+09:00  INFO 22396 --- [ehms] [http-nio-8080-exec-8] k.edu.ehms.logging.RequestLoggingFilter  : HTTP POST /api/auth/logout -> 200 (3 ms) from 0:0:0:0:0:0:0:1
2026-07-15T21:38:44.305+09:00  INFO 22396 --- [ehms] [http-nio-8080-exec-9] k.edu.ehms.logging.RequestLoggingFilter  : HTTP OPTIONS /api/auth/login -> 200 (1 ms) from 0:0:0:0:0:0:0:1
2026-07-15T21:38:44.317+09:00 DEBUG 22396 --- [ehms] [http-nio-8080-exec-5] k.e.e.security.CustomUserDetailsService  : Loaded user subjeevan with authorities [ROLE_ADMIN, ROLE_USER]
2026-07-15T21:38:45.216+09:00  INFO 22396 --- [ehms] [http-nio-8080-exec-5] kcg.edu.ehms.service.AuthService         : Successful login for user subjeevan
2026-07-15T21:38:45.218+09:00  INFO 22396 --- [ehms] [http-nio-8080-exec-5] k.edu.ehms.logging.RequestLoggingFilter  : HTTP POST /api/auth/login -> 200 (908 ms) from 0:0:0:0:0:0:0:1
2026-07-15T21:38:45.461+09:00  INFO 22396 --- [ehms] [http-nio-8080-exec-7] k.edu.ehms.logging.RequestLoggingFilter  : HTTP OPTIONS /api/dashboard/summary -> 200 (3 ms) from 0:0:0:0:0:0:0:1
2026-07-15T21:38:45.474+09:00  INFO 22396 --- [ehms] [http-nio-8080-exec-6] k.edu.ehms.logging.RequestLoggingFilter  : HTTP OPTIONS /api/dashboard/summary -> 200 (5 ms) from 0:0:0:0:0:0:0:1
2026-07-15T21:38:45.463+09:00  INFO 22396 --- [ehms] [http-nio-8080-exec-4] k.edu.ehms.logging.RequestLoggingFilter  : HTTP OPTIONS /api/dashboard/earnings -> 200 (4 ms) from 0:0:0:0:0:0:0:1
2026-07-15T21:38:45.488+09:00  INFO 22396 --- [ehms] [http-nio-8080-exec-6] k.edu.ehms.logging.RequestLoggingFilter  : HTTP OPTIONS /api/dashboard/earnings -> 200 (11 ms) from 0:0:0:0:0:0:0:1
2026-07-15T21:38:45.531+09:00  INFO 22396 --- [ehms] [http-nio-8080-exec-1] k.edu.ehms.logging.RequestLoggingFilter  : HTTP GET /api/dashboard/summary -> 200 (44 ms) from 0:0:0:0:0:0:0:1
2026-07-15T21:38:45.534+09:00  INFO 22396 --- [ehms] [http-nio-8080-exec-2] k.edu.ehms.logging.RequestLoggingFilter  : HTTP GET /api/dashboard/summary -> 200 (42 ms) from 0:0:0:0:0:0:0:1
2026-07-15T21:38:45.546+09:00  INFO 22396 --- [ehms] [http-nio-8080-exec-10] k.edu.ehms.logging.RequestLoggingFilter  : HTTP GET /api/dashboard/earnings -> 200 (53 ms) from 0:0:0:0:0:0:0:1
2026-07-15T21:38:45.546+09:00  INFO 22396 --- [ehms] [http-nio-8080-exec-4] k.edu.ehms.logging.RequestLoggingFilter  : HTTP GET /api/dashboard/earnings -> 200 (54 ms) from 0:0:0:0:0:0:0:1
